{"/home/travis/build/npmtest/node-npmtest-sanitizer/test.js":{"path":"/home/travis/build/npmtest/node-npmtest-sanitizer/test.js","s":{"1":2,"2":2,"3":2,"4":2,"5":2,"6":2,"7":2,"8":1,"9":2,"10":2,"11":1,"12":1,"13":1,"14":1,"15":2,"16":2,"17":2,"18":2,"19":1,"20":1,"21":2,"22":2,"23":2,"24":1,"25":1,"26":1,"27":1,"28":1,"29":1,"30":1,"31":1,"32":1,"33":1,"34":1,"35":1,"36":1,"37":1,"38":1,"39":2,"40":2,"41":1,"42":2,"43":2,"44":1,"45":2,"46":2,"47":1,"48":2,"49":2,"50":1,"51":1,"52":1,"53":1,"54":1},"b":{"1":[2,1,1,1],"2":[1,1,1,1],"3":[1,1],"4":[1,1],"5":[1,1],"6":[1,1],"7":[1,1],"8":[1,1],"9":[1,1],"10":[1,1,1],"11":[1,1],"12":[1,1],"13":[1,1],"14":[1,1],"15":[1,1],"16":[1,1],"17":[1,1]},"f":{"1":2,"2":2,"3":2,"4":2,"5":2,"6":1,"7":1,"8":1,"9":2,"10":2,"11":2,"12":2,"13":1},"fnMap":{"1":{"name":"(anonymous_1)","line":12,"loc":{"start":{"line":12,"column":1},"end":{"line":12,"column":13}}},"2":{"name":"(anonymous_2)","line":19,"loc":{"start":{"line":19,"column":5},"end":{"line":19,"column":17}}},"3":{"name":"(anonymous_3)","line":23,"loc":{"start":{"line":23,"column":24},"end":{"line":23,"column":36}}},"4":{"name":"(anonymous_4)","line":61,"loc":{"start":{"line":61,"column":5},"end":{"line":61,"column":17}}},"5":{"name":"(anonymous_5)","line":82,"loc":{"start":{"line":82,"column":5},"end":{"line":82,"column":17}}},"6":{"name":"(anonymous_6)","line":91,"loc":{"start":{"line":91,"column":77},"end":{"line":94,"column":10}}},"7":{"name":"(anonymous_7)","line":112,"loc":{"start":{"line":112,"column":83},"end":{"line":115,"column":10}},"skip":true},"8":{"name":"(anonymous_8)","line":123,"loc":{"start":{"line":123,"column":77},"end":{"line":126,"column":10}},"skip":true},"9":{"name":"(anonymous_9)","line":139,"loc":{"start":{"line":139,"column":12},"end":{"line":139,"column":40}},"skip":true},"10":{"name":"(anonymous_10)","line":147,"loc":{"start":{"line":147,"column":77},"end":{"line":150,"column":10}},"skip":true},"11":{"name":"(anonymous_11)","line":158,"loc":{"start":{"line":158,"column":83},"end":{"line":161,"column":10}},"skip":true},"12":{"name":"(anonymous_12)","line":169,"loc":{"start":{"line":169,"column":79},"end":{"line":172,"column":10}},"skip":true},"13":{"name":"(anonymous_13)","line":180,"loc":{"start":{"line":180,"column":75},"end":{"line":183,"column":10}},"skip":true}},"statementMap":{"1":{"start":{"line":12,"column":0},"end":{"line":195,"column":5}},"2":{"start":{"line":14,"column":4},"end":{"line":14,"column":14}},"3":{"start":{"line":19,"column":4},"end":{"line":56,"column":9}},"4":{"start":{"line":21,"column":8},"end":{"line":21,"column":19}},"5":{"start":{"line":23,"column":8},"end":{"line":35,"column":13}},"6":{"start":{"line":24,"column":12},"end":{"line":34,"column":13}},"7":{"start":{"line":25,"column":16},"end":{"line":28,"column":30}},"8":{"start":{"line":30,"column":16},"end":{"line":33,"column":27}},"9":{"start":{"line":37,"column":8},"end":{"line":39,"column":21}},"10":{"start":{"line":40,"column":8},"end":{"line":53,"column":9}},"11":{"start":{"line":43,"column":12},"end":{"line":46,"column":14}},"12":{"start":{"line":47,"column":12},"end":{"line":47,"column":18}},"13":{"start":{"line":50,"column":12},"end":{"line":51,"column":33}},"14":{"start":{"line":52,"column":12},"end":{"line":52,"column":18}},"15":{"start":{"line":55,"column":8},"end":{"line":55,"column":35}},"16":{"start":{"line":61,"column":4},"end":{"line":63,"column":9}},"17":{"start":{"line":62,"column":8},"end":{"line":62,"column":15}},"18":{"start":{"line":64,"column":4},"end":{"line":77,"column":5}},"19":{"start":{"line":70,"column":8},"end":{"line":70,"column":14}},"20":{"start":{"line":76,"column":8},"end":{"line":76,"column":14}},"21":{"start":{"line":82,"column":4},"end":{"line":84,"column":9}},"22":{"start":{"line":83,"column":8},"end":{"line":83,"column":15}},"23":{"start":{"line":85,"column":4},"end":{"line":194,"column":5}},"24":{"start":{"line":91,"column":8},"end":{"line":99,"column":10}},"25":{"start":{"line":98,"column":12},"end":{"line":98,"column":35}},"26":{"start":{"line":102,"column":8},"end":{"line":104,"column":63}},"27":{"start":{"line":105,"column":8},"end":{"line":105,"column":14}},"28":{"start":{"line":112,"column":8},"end":{"line":121,"column":10},"skip":true},"29":{"start":{"line":119,"column":12},"end":{"line":119,"column":55},"skip":true},"30":{"start":{"line":120,"column":12},"end":{"line":120,"column":48},"skip":true},"31":{"start":{"line":123,"column":8},"end":{"line":136,"column":10},"skip":true},"32":{"start":{"line":130,"column":12},"end":{"line":130,"column":76},"skip":true},"33":{"start":{"line":131,"column":12},"end":{"line":131,"column":73},"skip":true},"34":{"start":{"line":132,"column":12},"end":{"line":132,"column":74},"skip":true},"35":{"start":{"line":133,"column":12},"end":{"line":133,"column":79},"skip":true},"36":{"start":{"line":134,"column":12},"end":{"line":134,"column":25},"skip":true},"37":{"start":{"line":135,"column":12},"end":{"line":135,"column":45},"skip":true},"38":{"start":{"line":138,"column":8},"end":{"line":145,"column":14},"skip":true},"39":{"start":{"line":143,"column":16},"end":{"line":143,"column":29},"skip":true},"40":{"start":{"line":144,"column":16},"end":{"line":144,"column":55},"skip":true},"41":{"start":{"line":147,"column":8},"end":{"line":156,"column":10},"skip":true},"42":{"start":{"line":154,"column":12},"end":{"line":154,"column":25},"skip":true},"43":{"start":{"line":155,"column":12},"end":{"line":155,"column":45},"skip":true},"44":{"start":{"line":158,"column":8},"end":{"line":167,"column":10},"skip":true},"45":{"start":{"line":165,"column":12},"end":{"line":165,"column":25},"skip":true},"46":{"start":{"line":166,"column":12},"end":{"line":166,"column":48},"skip":true},"47":{"start":{"line":169,"column":8},"end":{"line":178,"column":10},"skip":true},"48":{"start":{"line":176,"column":12},"end":{"line":176,"column":25},"skip":true},"49":{"start":{"line":177,"column":12},"end":{"line":177,"column":46},"skip":true},"50":{"start":{"line":180,"column":8},"end":{"line":189,"column":10},"skip":true},"51":{"start":{"line":187,"column":12},"end":{"line":187,"column":94},"skip":true},"52":{"start":{"line":188,"column":12},"end":{"line":188,"column":48},"skip":true},"53":{"start":{"line":192,"column":8},"end":{"line":192,"column":35},"skip":true},"54":{"start":{"line":193,"column":8},"end":{"line":193,"column":14},"skip":true}},"branchMap":{"1":{"line":25,"type":"binary-expr","locations":[{"start":{"line":25,"column":23},"end":{"line":25,"column":62}},{"start":{"line":26,"column":20},"end":{"line":26,"column":70}},{"start":{"line":27,"column":20},"end":{"line":27,"column":71}},{"start":{"line":28,"column":20},"end":{"line":28,"column":29}}]},"2":{"line":30,"type":"binary-expr","locations":[{"start":{"line":30,"column":23},"end":{"line":30,"column":37}},{"start":{"line":31,"column":20},"end":{"line":31,"column":61}},{"start":{"line":32,"column":20},"end":{"line":32,"column":70}},{"start":{"line":33,"column":20},"end":{"line":33,"column":26}}]},"3":{"line":37,"type":"cond-expr","locations":[{"start":{"line":38,"column":14},"end":{"line":38,"column":20}},{"start":{"line":39,"column":14},"end":{"line":39,"column":20}}]},"4":{"line":40,"type":"switch","locations":[{"start":{"line":42,"column":8},"end":{"line":47,"column":18}},{"start":{"line":49,"column":8},"end":{"line":52,"column":18}}]},"5":{"line":44,"type":"binary-expr","locations":[{"start":{"line":44,"column":16},"end":{"line":44,"column":44}},{"start":{"line":44,"column":48},"end":{"line":44,"column":66}}]},"6":{"line":50,"type":"binary-expr","locations":[{"start":{"line":50,"column":21},"end":{"line":50,"column":49}},{"start":{"line":50,"column":53},"end":{"line":50,"column":72}}]},"7":{"line":64,"type":"switch","locations":[{"start":{"line":69,"column":4},"end":{"line":70,"column":14}},{"start":{"line":75,"column":4},"end":{"line":76,"column":14}}]},"8":{"line":85,"type":"switch","locations":[{"start":{"line":90,"column":4},"end":{"line":105,"column":14}},{"start":{"line":111,"column":4},"end":{"line":193,"column":14},"skip":true}]},"9":{"line":91,"type":"binary-expr","locations":[{"start":{"line":91,"column":42},"end":{"line":91,"column":73}},{"start":{"line":91,"column":77},"end":{"line":99,"column":9}}]},"10":{"line":102,"type":"binary-expr","locations":[{"start":{"line":102,"column":18},"end":{"line":102,"column":32}},{"start":{"line":103,"column":12},"end":{"line":103,"column":53}},{"start":{"line":104,"column":12},"end":{"line":104,"column":61}}]},"11":{"line":112,"type":"binary-expr","locations":[{"start":{"line":112,"column":45},"end":{"line":112,"column":79},"skip":true},{"start":{"line":112,"column":83},"end":{"line":121,"column":9},"skip":true}]},"12":{"line":123,"type":"binary-expr","locations":[{"start":{"line":123,"column":42},"end":{"line":123,"column":73},"skip":true},{"start":{"line":123,"column":77},"end":{"line":136,"column":9},"skip":true}]},"13":{"line":138,"type":"binary-expr","locations":[{"start":{"line":138,"column":48},"end":{"line":138,"column":85},"skip":true},{"start":{"line":139,"column":12},"end":{"line":145,"column":13},"skip":true}]},"14":{"line":147,"type":"binary-expr","locations":[{"start":{"line":147,"column":42},"end":{"line":147,"column":73},"skip":true},{"start":{"line":147,"column":77},"end":{"line":156,"column":9},"skip":true}]},"15":{"line":158,"type":"binary-expr","locations":[{"start":{"line":158,"column":45},"end":{"line":158,"column":79},"skip":true},{"start":{"line":158,"column":83},"end":{"line":167,"column":9},"skip":true}]},"16":{"line":169,"type":"binary-expr","locations":[{"start":{"line":169,"column":43},"end":{"line":169,"column":75},"skip":true},{"start":{"line":169,"column":79},"end":{"line":178,"column":9},"skip":true}]},"17":{"line":180,"type":"binary-expr","locations":[{"start":{"line":180,"column":41},"end":{"line":180,"column":71},"skip":true},{"start":{"line":180,"column":75},"end":{"line":189,"column":9},"skip":true}]}},"code":["/* istanbul instrument in package npmtest_sanitizer */","/*jslint","    bitwise: true,","    browser: true,","    maxerr: 8,","    maxlen: 96,","    node: true,","    nomen: true,","    regexp: true,","    stupid: true","*/","(function () {","    'use strict';","    var local;","","","","    // run shared js-env code - init-before","    (function () {","        // init local","        local = {};","        // init modeJs","        local.modeJs = (function () {","            try {","                return typeof navigator.userAgent === 'string' &&","                    typeof document.querySelector('body') === 'object' &&","                    typeof XMLHttpRequest.prototype.open === 'function' &&","                    'browser';","            } catch (errorCaughtBrowser) {","                return module.exports &&","                    typeof process.versions.node === 'string' &&","                    typeof require('http').createServer === 'function' &&","                    'node';","            }","        }());","        // init global","        local.global = local.modeJs === 'browser'","            ? window","            : global;","        switch (local.modeJs) {","        // re-init local from window.local","        case 'browser':","            local = local.global.utility2.objectSetDefault(","                local.global.utility2_rollup || local.global.local,","                local.global.utility2","            );","            break;","        // re-init local from example.js","        case 'node':","            local = (local.global.utility2_rollup || require('utility2'))","                .requireReadme();","            break;","        }","        // export local","        local.global.local = local;","    }());","","","","    // run shared js-env code - function","    (function () {","        return;","    }());","    switch (local.modeJs) {","","","","    // run browser js-env code - function","    case 'browser':","        break;","","","","    // run node js-env code - function","    case 'node':","        break;","    }","","","","    // run shared js-env code - init-after","    (function () {","        return;","    }());","    switch (local.modeJs) {","","","","    // run browser js-env code - init-after","    case 'browser':","        local.testCase_browser_nullCase = local.testCase_browser_nullCase || function (","            options,","            onError","        ) {","        /*","         * this function will test browsers's null-case handling-behavior-behavior","         */","            onError(null, options);","        };","","        // run tests","        local.nop(local.modeTest &&","            document.querySelector('#testRunButton1') &&","            document.querySelector('#testRunButton1').click());","        break;","","","","    // run node js-env code - init-after","    /* istanbul ignore next */","    case 'node':","        local.testCase_buildApidoc_default = local.testCase_buildApidoc_default || function (","            options,","            onError","        ) {","        /*","         * this function will test buildApidoc's default handling-behavior-behavior","         */","            options = { modulePathList: module.paths };","            local.buildApidoc(options, onError);","        };","","        local.testCase_buildApp_default = local.testCase_buildApp_default || function (","            options,","            onError","        ) {","        /*","         * this function will test buildApp's default handling-behavior-behavior","         */","            local.testCase_buildReadme_default(options, local.onErrorThrow);","            local.testCase_buildLib_default(options, local.onErrorThrow);","            local.testCase_buildTest_default(options, local.onErrorThrow);","            local.testCase_buildCustomOrg_default(options, local.onErrorThrow);","            options = [];","            local.buildApp(options, onError);","        };","","        local.testCase_buildCustomOrg_default = local.testCase_buildCustomOrg_default ||","            function (options, onError) {","            /*","             * this function will test buildCustomOrg's default handling-behavior","             */","                options = {};","                local.buildCustomOrg(options, onError);","            };","","        local.testCase_buildLib_default = local.testCase_buildLib_default || function (","            options,","            onError","        ) {","        /*","         * this function will test buildLib's default handling-behavior","         */","            options = {};","            local.buildLib(options, onError);","        };","","        local.testCase_buildReadme_default = local.testCase_buildReadme_default || function (","            options,","            onError","        ) {","        /*","         * this function will test buildReadme's default handling-behavior-behavior","         */","            options = {};","            local.buildReadme(options, onError);","        };","","        local.testCase_buildTest_default = local.testCase_buildTest_default || function (","            options,","            onError","        ) {","        /*","         * this function will test buildTest's default handling-behavior","         */","            options = {};","            local.buildTest(options, onError);","        };","","        local.testCase_webpage_default = local.testCase_webpage_default || function (","            options,","            onError","        ) {","        /*","         * this function will test webpage's default handling-behavior","         */","            options = { modeCoverageMerge: true, url: local.serverLocalHost + '?modeTest=1' };","            local.browserTest(options, onError);","        };","","        // run test-server","        local.testRunServer(local);","        break;","    }","}());",""],"l":{"12":2,"14":2,"19":2,"21":2,"23":2,"24":2,"25":2,"30":1,"37":2,"40":2,"43":1,"47":1,"50":1,"52":1,"55":2,"61":2,"62":2,"64":2,"70":1,"76":1,"82":2,"83":2,"85":2,"91":1,"98":1,"102":1,"105":1,"112":1,"119":1,"120":1,"123":1,"130":1,"131":1,"132":1,"133":1,"134":1,"135":1,"138":1,"143":2,"144":2,"147":1,"154":2,"155":2,"158":1,"165":2,"166":2,"169":1,"176":2,"177":2,"180":1,"187":1,"188":1,"192":1,"193":1}},"/home/travis/build/npmtest/node-npmtest-sanitizer/lib.npmtest_sanitizer.js":{"path":"/home/travis/build/npmtest/node-npmtest-sanitizer/lib.npmtest_sanitizer.js","s":{"1":2,"2":2,"3":2,"4":2,"5":2,"6":2,"7":2,"8":1,"9":2,"10":2,"11":2,"12":2,"13":1,"14":1,"15":1,"16":1},"b":{"1":[2,1,1,1],"2":[1,1,1,1],"3":[1,1],"4":[2,2],"5":[1,1]},"f":{"1":2,"2":2,"3":2},"fnMap":{"1":{"name":"(anonymous_1)","line":12,"loc":{"start":{"line":12,"column":1},"end":{"line":12,"column":13}}},"2":{"name":"(anonymous_2)","line":19,"loc":{"start":{"line":19,"column":5},"end":{"line":19,"column":17}}},"3":{"name":"(anonymous_3)","line":23,"loc":{"start":{"line":23,"column":24},"end":{"line":23,"column":36}}}},"statementMap":{"1":{"start":{"line":12,"column":0},"end":{"line":53,"column":5}},"2":{"start":{"line":14,"column":4},"end":{"line":14,"column":14}},"3":{"start":{"line":19,"column":4},"end":{"line":52,"column":9}},"4":{"start":{"line":21,"column":8},"end":{"line":21,"column":19}},"5":{"start":{"line":23,"column":8},"end":{"line":35,"column":13}},"6":{"start":{"line":24,"column":12},"end":{"line":34,"column":13}},"7":{"start":{"line":25,"column":16},"end":{"line":28,"column":30}},"8":{"start":{"line":30,"column":16},"end":{"line":33,"column":27}},"9":{"start":{"line":37,"column":8},"end":{"line":39,"column":21}},"10":{"start":{"line":41,"column":8},"end":{"line":41,"column":54}},"11":{"start":{"line":43,"column":8},"end":{"line":43,"column":54}},"12":{"start":{"line":45,"column":8},"end":{"line":51,"column":9}},"13":{"start":{"line":46,"column":12},"end":{"line":46,"column":60}},"14":{"start":{"line":48,"column":12},"end":{"line":48,"column":35}},"15":{"start":{"line":49,"column":12},"end":{"line":49,"column":49}},"16":{"start":{"line":50,"column":12},"end":{"line":50,"column":43}}},"branchMap":{"1":{"line":25,"type":"binary-expr","locations":[{"start":{"line":25,"column":23},"end":{"line":25,"column":62}},{"start":{"line":26,"column":20},"end":{"line":26,"column":70}},{"start":{"line":27,"column":20},"end":{"line":27,"column":71}},{"start":{"line":28,"column":20},"end":{"line":28,"column":29}}]},"2":{"line":30,"type":"binary-expr","locations":[{"start":{"line":30,"column":23},"end":{"line":30,"column":37}},{"start":{"line":31,"column":20},"end":{"line":31,"column":61}},{"start":{"line":32,"column":20},"end":{"line":32,"column":70}},{"start":{"line":33,"column":20},"end":{"line":33,"column":26}}]},"3":{"line":37,"type":"cond-expr","locations":[{"start":{"line":38,"column":14},"end":{"line":38,"column":20}},{"start":{"line":39,"column":14},"end":{"line":39,"column":20}}]},"4":{"line":41,"type":"binary-expr","locations":[{"start":{"line":41,"column":16},"end":{"line":41,"column":44}},{"start":{"line":41,"column":48},"end":{"line":41,"column":53}}]},"5":{"line":45,"type":"if","locations":[{"start":{"line":45,"column":8},"end":{"line":45,"column":8}},{"start":{"line":45,"column":8},"end":{"line":45,"column":8}}]}},"code":["/* istanbul instrument in package npmtest_sanitizer */","/*jslint","    bitwise: true,","    browser: true,","    maxerr: 8,","    maxlen: 96,","    node: true,","    nomen: true,","    regexp: true,","    stupid: true","*/","(function () {","    'use strict';","    var local;","","","","    // run shared js-env code - init-before","    (function () {","        // init local","        local = {};","        // init modeJs","        local.modeJs = (function () {","            try {","                return typeof navigator.userAgent === 'string' &&","                    typeof document.querySelector('body') === 'object' &&","                    typeof XMLHttpRequest.prototype.open === 'function' &&","                    'browser';","            } catch (errorCaughtBrowser) {","                return module.exports &&","                    typeof process.versions.node === 'string' &&","                    typeof require('http').createServer === 'function' &&","                    'node';","            }","        }());","        // init global","        local.global = local.modeJs === 'browser'","            ? window","            : global;","        // init utility2_rollup","        local = local.global.utility2_rollup || local;","        // init lib","        local.local = local.npmtest_sanitizer = local;","        // init exports","        if (local.modeJs === 'browser') {","            local.global.utility2_npmtest_sanitizer = local;","        } else {","            module.exports = local;","            module.exports.__dirname = __dirname;","            module.exports.module = module;","        }","    }());","}());",""],"l":{"12":2,"14":2,"19":2,"21":2,"23":2,"24":2,"25":2,"30":1,"37":2,"41":2,"43":2,"45":2,"46":1,"48":1,"49":1,"50":1}},"/home/travis/build/npmtest/node-npmtest-sanitizer/example.js":{"path":"/home/travis/build/npmtest/node-npmtest-sanitizer/example.js","s":{"1":2,"2":2,"3":2,"4":2,"5":2,"6":2,"7":2,"8":1,"9":2,"10":2,"11":2,"12":2,"13":1,"14":2,"15":2,"16":2,"17":2,"18":2,"19":0,"20":2,"21":1,"22":1,"23":1,"24":1,"25":1,"26":0,"27":0,"28":1,"29":1,"30":2,"31":0,"32":0,"33":0,"34":1,"35":2,"36":2,"37":3,"38":3,"39":3,"40":3,"41":0,"42":3,"43":3,"44":3,"45":1,"46":3,"47":1,"48":1,"49":1,"50":1,"51":1,"52":1,"53":1,"54":1,"55":1,"56":1,"57":0,"58":1,"59":6,"60":6,"61":1,"62":2,"63":0,"64":2,"65":1,"66":1,"67":0,"68":0,"69":0,"70":0,"71":0,"72":0,"73":0,"74":0,"75":0,"76":0,"77":0,"78":0,"79":0,"80":0,"81":0,"82":0,"83":0},"b":{"1":[2,1,1,1],"2":[1,1,1,1],"3":[1,1],"4":[2,2],"5":[1,1],"6":[1,1],"7":[2,0],"8":[2,1,1,1,1,1],"9":[0,2,0],"10":[1,1],"11":[2,1,1],"12":[1,0],"13":[0,2],"14":[2,0,0,0,0,0,0],"15":[0,3],"16":[3,0],"17":[1,1],"18":[0,1],"19":[1,2,0,2],"20":[1,0],"21":[1,1],"22":[0,0],"23":[0,0],"24":[0,0],"25":[0,0],"26":[0,0],"27":[0,0],"28":[0,0]},"f":{"1":2,"2":2,"3":2,"4":2,"5":2,"6":2,"7":3,"8":3,"9":3,"10":1,"11":6,"12":0},"fnMap":{"1":{"name":"(anonymous_1)","line":26,"loc":{"start":{"line":26,"column":1},"end":{"line":26,"column":13}}},"2":{"name":"(anonymous_2)","line":33,"loc":{"start":{"line":33,"column":5},"end":{"line":33,"column":17}}},"3":{"name":"(anonymous_3)","line":37,"loc":{"start":{"line":37,"column":24},"end":{"line":37,"column":36}}},"4":{"name":"(anonymous_4)","line":69,"loc":{"start":{"line":69,"column":31},"end":{"line":69,"column":48}},"skip":true},"5":{"name":"(anonymous_5)","line":78,"loc":{"start":{"line":78,"column":26},"end":{"line":78,"column":45}},"skip":true},"6":{"name":"(anonymous_6)","line":123,"loc":{"start":{"line":123,"column":33},"end":{"line":123,"column":48}},"skip":true},"7":{"name":"(anonymous_7)","line":125,"loc":{"start":{"line":125,"column":27},"end":{"line":125,"column":39}},"skip":true},"8":{"name":"(anonymous_8)","line":133,"loc":{"start":{"line":133,"column":59},"end":{"line":133,"column":74}},"skip":true},"9":{"name":"(anonymous_9)","line":143,"loc":{"start":{"line":143,"column":45},"end":{"line":143,"column":62}},"skip":true},"10":{"name":"(anonymous_10)","line":144,"loc":{"start":{"line":144,"column":73},"end":{"line":144,"column":92}},"skip":true},"11":{"name":"(anonymous_11)","line":272,"loc":{"start":{"line":272,"column":51},"end":{"line":272,"column":77}},"skip":true},"12":{"name":"(anonymous_12)","line":315,"loc":{"start":{"line":315,"column":32},"end":{"line":315,"column":61}},"skip":true}},"statementMap":{"1":{"start":{"line":26,"column":0},"end":{"line":326,"column":5}},"2":{"start":{"line":28,"column":4},"end":{"line":28,"column":14}},"3":{"start":{"line":33,"column":4},"end":{"line":60,"column":9}},"4":{"start":{"line":35,"column":8},"end":{"line":35,"column":19}},"5":{"start":{"line":37,"column":8},"end":{"line":49,"column":13}},"6":{"start":{"line":38,"column":12},"end":{"line":48,"column":13}},"7":{"start":{"line":39,"column":16},"end":{"line":42,"column":30}},"8":{"start":{"line":44,"column":16},"end":{"line":47,"column":27}},"9":{"start":{"line":51,"column":8},"end":{"line":53,"column":21}},"10":{"start":{"line":55,"column":8},"end":{"line":57,"column":45}},"11":{"start":{"line":59,"column":8},"end":{"line":59,"column":35}},"12":{"start":{"line":61,"column":4},"end":{"line":325,"column":5}},"13":{"start":{"line":69,"column":8},"end":{"line":121,"column":10},"skip":true},"14":{"start":{"line":70,"column":12},"end":{"line":88,"column":13},"skip":true},"15":{"start":{"line":76,"column":16},"end":{"line":87,"column":19},"skip":true},"16":{"start":{"line":79,"column":20},"end":{"line":86,"column":21},"skip":true},"17":{"start":{"line":82,"column":24},"end":{"line":82,"column":43},"skip":true},"18":{"start":{"line":83,"column":24},"end":{"line":83,"column":30},"skip":true},"19":{"start":{"line":85,"column":24},"end":{"line":85,"column":49},"skip":true},"20":{"start":{"line":89,"column":12},"end":{"line":107,"column":13},"skip":true},"21":{"start":{"line":92,"column":16},"end":{"line":102,"column":17},"skip":true},"22":{"start":{"line":93,"column":20},"end":{"line":93,"column":86},"skip":true},"23":{"start":{"line":94,"column":20},"end":{"line":95,"column":45},"skip":true},"24":{"start":{"line":96,"column":20},"end":{"line":96,"column":42},"skip":true},"25":{"start":{"line":97,"column":20},"end":{"line":97,"column":48},"skip":true},"26":{"start":{"line":100,"column":20},"end":{"line":100,"column":85},"skip":true},"27":{"start":{"line":101,"column":20},"end":{"line":101,"column":96},"skip":true},"28":{"start":{"line":103,"column":16},"end":{"line":103,"column":22},"skip":true},"29":{"start":{"line":106,"column":16},"end":{"line":106,"column":22},"skip":true},"30":{"start":{"line":108,"column":12},"end":{"line":120,"column":13},"skip":true},"31":{"start":{"line":114,"column":16},"end":{"line":119,"column":17},"skip":true},"32":{"start":{"line":116,"column":20},"end":{"line":116,"column":78},"skip":true},"33":{"start":{"line":118,"column":20},"end":{"line":118,"column":47},"skip":true},"34":{"start":{"line":123,"column":8},"end":{"line":141,"column":11},"skip":true},"35":{"start":{"line":124,"column":12},"end":{"line":124,"column":54},"skip":true},"36":{"start":{"line":125,"column":12},"end":{"line":140,"column":14},"skip":true},"37":{"start":{"line":126,"column":16},"end":{"line":126,"column":28},"skip":true},"38":{"start":{"line":127,"column":16},"end":{"line":127,"column":69},"skip":true},"39":{"start":{"line":128,"column":16},"end":{"line":128,"column":75},"skip":true},"40":{"start":{"line":129,"column":16},"end":{"line":131,"column":17},"skip":true},"41":{"start":{"line":130,"column":20},"end":{"line":130,"column":27},"skip":true},"42":{"start":{"line":133,"column":16},"end":{"line":137,"column":36},"skip":true},"43":{"start":{"line":134,"column":20},"end":{"line":136,"column":55},"skip":true},"44":{"start":{"line":139,"column":16},"end":{"line":139,"column":57},"skip":true},"45":{"start":{"line":143,"column":8},"end":{"line":147,"column":11},"skip":true},"46":{"start":{"line":144,"column":12},"end":{"line":146,"column":15},"skip":true},"47":{"start":{"line":145,"column":16},"end":{"line":145,"column":70},"skip":true},"48":{"start":{"line":149,"column":8},"end":{"line":149,"column":31},"skip":true},"49":{"start":{"line":150,"column":8},"end":{"line":150,"column":14},"skip":true},"50":{"start":{"line":158,"column":8},"end":{"line":158,"column":31},"skip":true},"51":{"start":{"line":160,"column":8},"end":{"line":160,"column":33},"skip":true},"52":{"start":{"line":161,"column":8},"end":{"line":161,"column":37},"skip":true},"53":{"start":{"line":162,"column":8},"end":{"line":162,"column":35},"skip":true},"54":{"start":{"line":164,"column":8},"end":{"line":164,"column":50},"skip":true},"55":{"start":{"line":166,"column":8},"end":{"line":256,"column":2},"skip":true},"56":{"start":{"line":258,"column":8},"end":{"line":286,"column":9},"skip":true},"57":{"start":{"line":259,"column":12},"end":{"line":269,"column":14},"skip":true},"58":{"start":{"line":271,"column":12},"end":{"line":285,"column":19},"skip":true},"59":{"start":{"line":274,"column":20},"end":{"line":274,"column":35},"skip":true},"60":{"start":{"line":275,"column":20},"end":{"line":284,"column":21},"skip":true},"61":{"start":{"line":277,"column":24},"end":{"line":277,"column":64},"skip":true},"62":{"start":{"line":279,"column":24},"end":{"line":279,"column":40},"skip":true},"63":{"start":{"line":281,"column":24},"end":{"line":281,"column":40},"skip":true},"64":{"start":{"line":283,"column":24},"end":{"line":283,"column":39},"skip":true},"65":{"start":{"line":288,"column":8},"end":{"line":290,"column":9},"skip":true},"66":{"start":{"line":289,"column":12},"end":{"line":289,"column":18},"skip":true},"67":{"start":{"line":291,"column":8},"end":{"line":293,"column":54},"skip":true},"68":{"start":{"line":296,"column":8},"end":{"line":301,"column":37},"skip":true},"69":{"start":{"line":303,"column":8},"end":{"line":303,"column":82},"skip":true},"70":{"start":{"line":306,"column":8},"end":{"line":308,"column":9},"skip":true},"71":{"start":{"line":307,"column":12},"end":{"line":307,"column":82},"skip":true},"72":{"start":{"line":310,"column":8},"end":{"line":312,"column":9},"skip":true},"73":{"start":{"line":311,"column":12},"end":{"line":311,"column":18},"skip":true},"74":{"start":{"line":313,"column":8},"end":{"line":313,"column":54},"skip":true},"75":{"start":{"line":314,"column":8},"end":{"line":314,"column":69},"skip":true},"76":{"start":{"line":315,"column":8},"end":{"line":323,"column":36},"skip":true},"77":{"start":{"line":316,"column":12},"end":{"line":316,"column":61},"skip":true},"78":{"start":{"line":317,"column":12},"end":{"line":320,"column":13},"skip":true},"79":{"start":{"line":318,"column":16},"end":{"line":318,"column":75},"skip":true},"80":{"start":{"line":319,"column":16},"end":{"line":319,"column":23},"skip":true},"81":{"start":{"line":321,"column":12},"end":{"line":321,"column":38},"skip":true},"82":{"start":{"line":322,"column":12},"end":{"line":322,"column":27},"skip":true},"83":{"start":{"line":324,"column":8},"end":{"line":324,"column":14},"skip":true}},"branchMap":{"1":{"line":39,"type":"binary-expr","locations":[{"start":{"line":39,"column":23},"end":{"line":39,"column":62}},{"start":{"line":40,"column":20},"end":{"line":40,"column":70}},{"start":{"line":41,"column":20},"end":{"line":41,"column":71}},{"start":{"line":42,"column":20},"end":{"line":42,"column":29}}]},"2":{"line":44,"type":"binary-expr","locations":[{"start":{"line":44,"column":23},"end":{"line":44,"column":37}},{"start":{"line":45,"column":20},"end":{"line":45,"column":61}},{"start":{"line":46,"column":20},"end":{"line":46,"column":70}},{"start":{"line":47,"column":20},"end":{"line":47,"column":26}}]},"3":{"line":51,"type":"cond-expr","locations":[{"start":{"line":52,"column":14},"end":{"line":52,"column":20}},{"start":{"line":53,"column":14},"end":{"line":53,"column":20}}]},"4":{"line":55,"type":"binary-expr","locations":[{"start":{"line":55,"column":16},"end":{"line":55,"column":44}},{"start":{"line":55,"column":49},"end":{"line":57,"column":43}}]},"5":{"line":55,"type":"cond-expr","locations":[{"start":{"line":56,"column":14},"end":{"line":56,"column":53}},{"start":{"line":57,"column":14},"end":{"line":57,"column":43}}]},"6":{"line":61,"type":"switch","locations":[{"start":{"line":68,"column":4},"end":{"line":150,"column":14},"skip":true},{"start":{"line":156,"column":4},"end":{"line":324,"column":14},"skip":true}]},"7":{"line":70,"type":"if","locations":[{"start":{"line":70,"column":12},"end":{"line":70,"column":12},"skip":true},{"start":{"line":70,"column":12},"end":{"line":70,"column":12},"skip":true}]},"8":{"line":70,"type":"binary-expr","locations":[{"start":{"line":70,"column":16},"end":{"line":70,"column":22},"skip":true},{"start":{"line":70,"column":27},"end":{"line":70,"column":32},"skip":true},{"start":{"line":71,"column":20},"end":{"line":71,"column":39},"skip":true},{"start":{"line":72,"column":20},"end":{"line":72,"column":49},"skip":true},{"start":{"line":73,"column":20},"end":{"line":73,"column":58},"skip":true},{"start":{"line":74,"column":20},"end":{"line":74,"column":69},"skip":true}]},"9":{"line":79,"type":"switch","locations":[{"start":{"line":80,"column":20},"end":{"line":80,"column":33},"skip":true},{"start":{"line":81,"column":20},"end":{"line":83,"column":30},"skip":true},{"start":{"line":84,"column":20},"end":{"line":85,"column":49},"skip":true}]},"10":{"line":89,"type":"switch","locations":[{"start":{"line":90,"column":12},"end":{"line":103,"column":22},"skip":true},{"start":{"line":105,"column":12},"end":{"line":106,"column":22},"skip":true}]},"11":{"line":89,"type":"binary-expr","locations":[{"start":{"line":89,"column":20},"end":{"line":89,"column":25},"skip":true},{"start":{"line":89,"column":29},"end":{"line":89,"column":48},"skip":true},{"start":{"line":89,"column":52},"end":{"line":89,"column":74},"skip":true}]},"12":{"line":92,"type":"if","locations":[{"start":{"line":92,"column":16},"end":{"line":92,"column":16},"skip":true},{"start":{"line":92,"column":16},"end":{"line":92,"column":16},"skip":true}]},"13":{"line":108,"type":"if","locations":[{"start":{"line":108,"column":12},"end":{"line":108,"column":12},"skip":true},{"start":{"line":108,"column":12},"end":{"line":108,"column":12},"skip":true}]},"14":{"line":108,"type":"binary-expr","locations":[{"start":{"line":108,"column":16},"end":{"line":108,"column":61},"skip":true},{"start":{"line":108,"column":66},"end":{"line":108,"column":72},"skip":true},{"start":{"line":108,"column":77},"end":{"line":108,"column":82},"skip":true},{"start":{"line":109,"column":20},"end":{"line":109,"column":39},"skip":true},{"start":{"line":110,"column":20},"end":{"line":110,"column":49},"skip":true},{"start":{"line":111,"column":20},"end":{"line":111,"column":58},"skip":true},{"start":{"line":112,"column":20},"end":{"line":112,"column":68},"skip":true}]},"15":{"line":129,"type":"if","locations":[{"start":{"line":129,"column":16},"end":{"line":129,"column":16},"skip":true},{"start":{"line":129,"column":16},"end":{"line":129,"column":16},"skip":true}]},"16":{"line":134,"type":"cond-expr","locations":[{"start":{"line":135,"column":26},"end":{"line":135,"column":29},"skip":true},{"start":{"line":136,"column":26},"end":{"line":136,"column":54},"skip":true}]},"17":{"line":164,"type":"binary-expr","locations":[{"start":{"line":164,"column":27},"end":{"line":164,"column":43},"skip":true},{"start":{"line":164,"column":47},"end":{"line":164,"column":49},"skip":true}]},"18":{"line":258,"type":"if","locations":[{"start":{"line":258,"column":8},"end":{"line":258,"column":8},"skip":true},{"start":{"line":258,"column":8},"end":{"line":258,"column":8},"skip":true}]},"19":{"line":275,"type":"switch","locations":[{"start":{"line":276,"column":20},"end":{"line":277,"column":64},"skip":true},{"start":{"line":278,"column":20},"end":{"line":279,"column":40},"skip":true},{"start":{"line":280,"column":20},"end":{"line":281,"column":40},"skip":true},{"start":{"line":282,"column":20},"end":{"line":283,"column":39},"skip":true}]},"20":{"line":288,"type":"if","locations":[{"start":{"line":288,"column":8},"end":{"line":288,"column":8},"skip":true},{"start":{"line":288,"column":8},"end":{"line":288,"column":8},"skip":true}]},"21":{"line":288,"type":"binary-expr","locations":[{"start":{"line":288,"column":12},"end":{"line":288,"column":40},"skip":true},{"start":{"line":288,"column":44},"end":{"line":288,"column":67},"skip":true}]},"22":{"line":292,"type":"binary-expr","locations":[{"start":{"line":292,"column":12},"end":{"line":292,"column":50},"skip":true},{"start":{"line":293,"column":12},"end":{"line":293,"column":53},"skip":true}]},"23":{"line":297,"type":"binary-expr","locations":[{"start":{"line":297,"column":12},"end":{"line":297,"column":67},"skip":true},{"start":{"line":298,"column":12},"end":{"line":301,"column":36},"skip":true}]},"24":{"line":303,"type":"binary-expr","locations":[{"start":{"line":303,"column":43},"end":{"line":303,"column":75},"skip":true},{"start":{"line":303,"column":79},"end":{"line":303,"column":81},"skip":true}]},"25":{"line":306,"type":"if","locations":[{"start":{"line":306,"column":8},"end":{"line":306,"column":8},"skip":true},{"start":{"line":306,"column":8},"end":{"line":306,"column":8},"skip":true}]},"26":{"line":310,"type":"if","locations":[{"start":{"line":310,"column":8},"end":{"line":310,"column":8},"skip":true},{"start":{"line":310,"column":8},"end":{"line":310,"column":8},"skip":true}]},"27":{"line":313,"type":"binary-expr","locations":[{"start":{"line":313,"column":27},"end":{"line":313,"column":43},"skip":true},{"start":{"line":313,"column":47},"end":{"line":313,"column":53},"skip":true}]},"28":{"line":317,"type":"if","locations":[{"start":{"line":317,"column":12},"end":{"line":317,"column":12},"skip":true},{"start":{"line":317,"column":12},"end":{"line":317,"column":12},"skip":true}]}},"code":["/*","example.js","","quickstart example","","instruction","    1. save this script as example.js","    2. run the shell command:","        $ npm install npmtest-sanitizer && PORT=8081 node example.js","    3. play with the browser-demo on http://127.0.0.1:8081","*/","","","","/* istanbul instrument in package npmtest_sanitizer */","/*jslint","    bitwise: true,","    browser: true,","    maxerr: 8,","    maxlen: 96,","    node: true,","    nomen: true,","    regexp: true,","    stupid: true","*/","(function () {","    'use strict';","    var local;","","","","    // run shared js-env code - init-before","    (function () {","        // init local","        local = {};","        // init modeJs","        local.modeJs = (function () {","            try {","                return typeof navigator.userAgent === 'string' &&","                    typeof document.querySelector('body') === 'object' &&","                    typeof XMLHttpRequest.prototype.open === 'function' &&","                    'browser';","            } catch (errorCaughtBrowser) {","                return module.exports &&","                    typeof process.versions.node === 'string' &&","                    typeof require('http').createServer === 'function' &&","                    'node';","            }","        }());","        // init global","        local.global = local.modeJs === 'browser'","            ? window","            : global;","        // init utility2_rollup","        local = local.global.utility2_rollup || (local.modeJs === 'browser'","            ? local.global.utility2_npmtest_sanitizer","            : global.utility2_moduleExports);","        // export local","        local.global.local = local;","    }());","    switch (local.modeJs) {","","","","    // init-after","    // run browser js-env code - init-after","    /* istanbul ignore next */","    case 'browser':","        local.testRunBrowser = function (event) {","            if (!event || (event &&","                    event.currentTarget &&","                    event.currentTarget.className &&","                    event.currentTarget.className.includes &&","                    event.currentTarget.className.includes('onreset'))) {","                // reset output","                Array.from(","                    document.querySelectorAll('body > .resettable')","                ).forEach(function (element) {","                    switch (element.tagName) {","                    case 'INPUT':","                    case 'TEXTAREA':","                        element.value = '';","                        break;","                    default:","                        element.textContent = '';","                    }","                });","            }","            switch (event && event.currentTarget && event.currentTarget.id) {","            case 'testRunButton1':","                // show tests","                if (document.querySelector('#testReportDiv1').style.display === 'none') {","                    document.querySelector('#testReportDiv1').style.display = 'block';","                    document.querySelector('#testRunButton1').textContent =","                        'hide internal test';","                    local.modeTest = true;","                    local.testRunDefault(local);","                // hide tests","                } else {","                    document.querySelector('#testReportDiv1').style.display = 'none';","                    document.querySelector('#testRunButton1').textContent = 'run internal test';","                }","                break;","            // custom-case","            default:","                break;","            }","            if (document.querySelector('#inputTextareaEval1') && (!event || (event &&","                    event.currentTarget &&","                    event.currentTarget.className &&","                    event.currentTarget.className.includes &&","                    event.currentTarget.className.includes('oneval')))) {","                // try to eval input-code","                try {","                    /*jslint evil: true*/","                    eval(document.querySelector('#inputTextareaEval1').value);","                } catch (errorCaught) {","                    console.error(errorCaught);","                }","            }","        };","        // log stderr and stdout to #outputTextareaStdout1","        ['error', 'log'].forEach(function (key) {","            console[key + '_original'] = console[key];","            console[key] = function () {","                var element;","                console[key + '_original'].apply(console, arguments);","                element = document.querySelector('#outputTextareaStdout1');","                if (!element) {","                    return;","                }","                // append text to #outputTextareaStdout1","                element.value += Array.from(arguments).map(function (arg) {","                    return typeof arg === 'string'","                        ? arg","                        : JSON.stringify(arg, null, 4);","                }).join(' ') + '\\n';","                // scroll textarea to bottom","                element.scrollTop = element.scrollHeight;","            };","        });","        // init event-handling","        ['change', 'click', 'keyup'].forEach(function (event) {","            Array.from(document.querySelectorAll('.on' + event)).forEach(function (element) {","                element.addEventListener(event, local.testRunBrowser);","            });","        });","        // run tests","        local.testRunBrowser();","        break;","","","","    // run node js-env code - init-after","    /* istanbul ignore next */","    case 'node':","        // export local","        module.exports = local;","        // require modules","        local.fs = require('fs');","        local.http = require('http');","        local.url = require('url');","        // init assets","        local.assetsDict = local.assetsDict || {};","        /* jslint-ignore-begin */","        local.assetsDict['/assets.index.template.html'] = '\\","<!doctype html>\\n\\","<html lang=\"en\">\\n\\","<head>\\n\\","<meta charset=\"UTF-8\">\\n\\","<meta name=\"viewport\" content=\"width=device-width, initial-scale=1\">\\n\\","<title>{{env.npm_package_name}} (v{{env.npm_package_version}})</title>\\n\\","<style>\\n\\","/*csslint\\n\\","    box-sizing: false,\\n\\","    universal-selector: false\\n\\","*/\\n\\","* {\\n\\","    box-sizing: border-box;\\n\\","}\\n\\","body {\\n\\","    background: #dde;\\n\\","    font-family: Arial, Helvetica, sans-serif;\\n\\","    margin: 2rem;\\n\\","}\\n\\","body > * {\\n\\","    margin-bottom: 1rem;\\n\\","}\\n\\",".utility2FooterDiv {\\n\\","    margin-top: 20px;\\n\\","    text-align: center;\\n\\","}\\n\\","</style>\\n\\","<style>\\n\\","/*csslint\\n\\","*/\\n\\","textarea {\\n\\","    font-family: monospace;\\n\\","    height: 10rem;\\n\\","    width: 100%;\\n\\","}\\n\\","textarea[readonly] {\\n\\","    background: #ddd;\\n\\","}\\n\\","</style>\\n\\","</head>\\n\\","<body>\\n\\","<!-- utility2-comment\\n\\","<div id=\"ajaxProgressDiv1\" style=\"background: #d00; height: 2px; left: 0; margin: 0; padding: 0; position: fixed; top: 0; transition: background 0.5s, width 1.5s; width: 25%;\"></div>\\n\\","utility2-comment -->\\n\\","<h1>\\n\\","<!-- utility2-comment\\n\\","    <a\\n\\","        {{#if env.npm_package_homepage}}\\n\\","        href=\"{{env.npm_package_homepage}}\"\\n\\","        {{/if env.npm_package_homepage}}\\n\\","        target=\"_blank\"\\n\\","    >\\n\\","utility2-comment -->\\n\\","        {{env.npm_package_name}} (v{{env.npm_package_version}})\\n\\","<!-- utility2-comment\\n\\","    </a>\\n\\","utility2-comment -->\\n\\","</h1>\\n\\","<h3>{{env.npm_package_description}}</h3>\\n\\","<!-- utility2-comment\\n\\","<h4><a download href=\"assets.app.js\">download standalone app</a></h4>\\n\\","<button class=\"onclick onreset\" id=\"testRunButton1\">run internal test</button><br>\\n\\","<div id=\"testReportDiv1\" style=\"display: none;\"></div>\\n\\","utility2-comment -->\\n\\","\\n\\","\\n\\","\\n\\","<label>stderr and stdout</label>\\n\\","<textarea class=\"resettable\" id=\"outputTextareaStdout1\" readonly></textarea>\\n\\","<!-- utility2-comment\\n\\","{{#if isRollup}}\\n\\","<script src=\"assets.app.js\"></script>\\n\\","{{#unless isRollup}}\\n\\","utility2-comment -->\\n\\","<script src=\"assets.utility2.rollup.js\"></script>\\n\\","<script src=\"jsonp.utility2._stateInit?callback=window.utility2._stateInit\"></script>\\n\\","<script src=\"assets.npmtest_sanitizer.rollup.js\"></script>\\n\\","<script src=\"assets.example.js\"></script>\\n\\","<script src=\"assets.test.js\"></script>\\n\\","<!-- utility2-comment\\n\\","{{/if isRollup}}\\n\\","utility2-comment -->\\n\\","<div class=\"utility2FooterDiv\">\\n\\","    [ this app was created with\\n\\","    <a href=\"https://github.com/kaizhu256/node-utility2\" target=\"_blank\">utility2</a>\\n\\","    ]\\n\\","</div>\\n\\","</body>\\n\\","</html>\\n\\","';","        /* jslint-ignore-end */","        if (local.templateRender) {","            local.assetsDict['/'] = local.templateRender(","                local.assetsDict['/assets.index.template.html'],","                {","                    env: local.objectSetDefault(local.env, {","                        npm_package_description: 'the greatest app in the world!',","                        npm_package_name: 'my-app',","                        npm_package_nameAlias: 'my_app',","                        npm_package_version: '0.0.1'","                    })","                }","            );","        } else {","            local.assetsDict['/'] = local.assetsDict['/assets.index.template.html']","                .replace((/\\{\\{env\\.(\\w+?)\\}\\}/g), function (match0, match1) {","                    // jslint-hack","                    String(match0);","                    switch (match1) {","                    case 'npm_package_description':","                        return 'the greatest app in the world!';","                    case 'npm_package_name':","                        return 'my-app';","                    case 'npm_package_nameAlias':","                        return 'my_app';","                    case 'npm_package_version':","                        return '0.0.1';","                    }","                });","        }","        // run the cli","        if (local.global.utility2_rollup || module !== require.main) {","            break;","        }","        local.assetsDict['/assets.example.js'] =","            local.assetsDict['/assets.example.js'] ||","            local.fs.readFileSync(__filename, 'utf8');","        // bug-workaround - long $npm_package_buildCustomOrg","        /* jslint-ignore-begin */","        local.assetsDict['/assets.npmtest_sanitizer.rollup.js'] =","            local.assetsDict['/assets.npmtest_sanitizer.rollup.js'] ||","            local.fs.readFileSync(","                local.npmtest_sanitizer.__dirname + '/lib.npmtest_sanitizer.js',","                'utf8'","            ).replace((/^#!/), '//');","        /* jslint-ignore-end */","        local.assetsDict['/favicon.ico'] = local.assetsDict['/favicon.ico'] || '';","        // if $npm_config_timeout_exit exists,","        // then exit this process after $npm_config_timeout_exit ms","        if (Number(process.env.npm_config_timeout_exit)) {","            setTimeout(process.exit, Number(process.env.npm_config_timeout_exit));","        }","        // start server","        if (local.global.utility2_serverHttp1) {","            break;","        }","        process.env.PORT = process.env.PORT || '8081';","        console.error('server starting on port ' + process.env.PORT);","        local.http.createServer(function (request, response) {","            request.urlParsed = local.url.parse(request.url);","            if (local.assetsDict[request.urlParsed.pathname] !== undefined) {","                response.end(local.assetsDict[request.urlParsed.pathname]);","                return;","            }","            response.statusCode = 404;","            response.end();","        }).listen(process.env.PORT);","        break;","    }","}());",""],"l":{"26":2,"28":2,"33":2,"35":2,"37":2,"38":2,"39":2,"44":1,"51":2,"55":2,"59":2,"61":2,"69":1,"70":2,"76":2,"79":2,"82":2,"83":2,"85":1,"89":2,"92":1,"93":1,"94":1,"96":1,"97":1,"100":1,"101":1,"103":1,"106":1,"108":2,"114":1,"116":1,"118":1,"123":1,"124":2,"125":2,"126":3,"127":3,"128":3,"129":3,"130":1,"133":3,"134":3,"139":3,"143":1,"144":3,"145":1,"149":1,"150":1,"158":1,"160":1,"161":1,"162":1,"164":1,"166":1,"258":1,"259":1,"271":1,"274":6,"275":6,"277":1,"279":2,"281":1,"283":2,"288":1,"289":1,"291":1,"296":1,"303":1,"306":1,"307":1,"310":1,"311":1,"313":1,"314":1,"315":1,"316":1,"317":1,"318":1,"319":1,"321":1,"322":1,"324":1}},"/home/travis/build/npmtest/node-npmtest-sanitizer/node_modules/sanitizer/sanitizer.js":{"path":"/home/travis/build/npmtest/node-npmtest-sanitizer/node_modules/sanitizer/sanitizer.js","s":{"1":1,"2":1,"3":1,"4":0,"5":1,"6":1,"7":1,"8":0,"9":0,"10":0,"11":1,"12":1,"13":1,"14":1,"15":1,"16":1,"17":0,"18":0,"19":0,"20":0,"21":0,"22":0,"23":0,"24":0,"25":0,"26":0,"27":0,"28":0,"29":0,"30":1,"31":0,"32":1,"33":1,"34":0,"35":1,"36":1,"37":1,"38":0,"39":0,"40":0,"41":1,"42":1,"43":1,"44":1,"45":1,"46":1,"47":0,"48":0,"49":0,"50":1,"51":0,"52":0,"53":0,"54":1,"55":1,"56":1,"57":1,"58":0,"59":0,"60":0,"61":1,"62":1,"63":0,"64":0,"65":0,"66":0,"67":1,"68":0,"69":0,"70":1,"71":0,"72":0,"73":0,"74":0,"75":0,"76":0,"77":0,"78":0,"79":0,"80":0,"81":0,"82":0,"83":0,"84":0,"85":0,"86":0,"87":0,"88":0,"89":0,"90":0,"91":0,"92":0,"93":0,"94":0,"95":0,"96":0,"97":0,"98":0,"99":0,"100":0,"101":0,"102":0,"103":0,"104":0,"105":0,"106":0,"107":0,"108":0,"109":0,"110":0,"111":0,"112":0,"113":0,"114":0,"115":0,"116":0,"117":0,"118":0,"119":0,"120":0,"121":0,"122":0,"123":0,"124":0,"125":0,"126":0,"127":0,"128":0,"129":0,"130":0,"131":0,"132":0,"133":0,"134":0,"135":0,"136":0,"137":0,"138":0,"139":0,"140":0,"141":0,"142":0,"143":0,"144":0,"145":0,"146":0,"147":0,"148":0,"149":0,"150":0,"151":0,"152":0,"153":0,"154":0,"155":0,"156":0,"157":0,"158":0,"159":0,"160":1,"161":0,"162":0,"163":0,"164":0,"165":0,"166":0,"167":0,"168":0,"169":0,"170":0,"171":0,"172":0,"173":0,"174":1,"175":0,"176":0,"177":0,"178":0,"179":0,"180":0,"181":1,"182":0,"183":0,"184":0,"185":0,"186":0,"187":0,"188":0,"189":0,"190":1,"191":1,"192":0,"193":0,"194":0,"195":0,"196":0,"197":0,"198":0,"199":0,"200":0,"201":0,"202":0,"203":0,"204":0,"205":0,"206":0,"207":0,"208":0,"209":0,"210":0,"211":0,"212":1,"213":0,"214":0,"215":0,"216":0,"217":0,"218":0,"219":0,"220":0,"221":0,"222":0,"223":0,"224":0,"225":0,"226":0,"227":0,"228":0,"229":0,"230":0,"231":0,"232":0,"233":0,"234":0,"235":0,"236":0,"237":0,"238":0,"239":0,"240":0,"241":0,"242":0,"243":0,"244":0,"245":0,"246":0,"247":0,"248":0,"249":0,"250":0,"251":0,"252":0,"253":1,"254":0,"255":0,"256":0,"257":0,"258":1,"259":0,"260":0,"261":0,"262":0,"263":0,"264":0,"265":0,"266":0,"267":0,"268":0,"269":0,"270":0,"271":0,"272":0,"273":0,"274":0,"275":0,"276":0,"277":0,"278":0,"279":0,"280":0,"281":0,"282":0,"283":0,"284":0,"285":0,"286":0,"287":0,"288":0,"289":0,"290":0,"291":0,"292":0,"293":0,"294":0,"295":0,"296":0,"297":0,"298":0,"299":0,"300":0,"301":0,"302":0,"303":0,"304":0,"305":0,"306":0,"307":0,"308":0,"309":0,"310":0,"311":0,"312":0,"313":0,"314":0,"315":0,"316":0,"317":0,"318":0,"319":0,"320":0,"321":0,"322":0,"323":0,"324":0,"325":0,"326":0,"327":0,"328":0,"329":0,"330":0,"331":0,"332":0,"333":0,"334":1,"335":1,"336":0,"337":0,"338":0,"339":0,"340":0,"341":0,"342":0,"343":0,"344":0,"345":0,"346":1,"347":0,"348":0,"349":0,"350":0,"351":0,"352":0,"353":0,"354":0,"355":0,"356":1,"357":0,"358":0,"359":0,"360":0,"361":0,"362":0,"363":0,"364":0,"365":1,"366":0,"367":1,"368":0,"369":1,"370":0,"371":1,"372":0,"373":0,"374":0,"375":0,"376":0,"377":0,"378":0,"379":0,"380":0,"381":0,"382":0,"383":0,"384":0,"385":0,"386":0,"387":0,"388":0,"389":0,"390":0,"391":0,"392":0,"393":0,"394":0,"395":0,"396":0,"397":0,"398":0,"399":0,"400":0,"401":0,"402":0,"403":0,"404":0,"405":0,"406":0,"407":0,"408":0,"409":0,"410":0,"411":0,"412":0,"413":0,"414":0,"415":0,"416":0,"417":0,"418":0,"419":0,"420":0,"421":0,"422":0,"423":0,"424":0,"425":0,"426":0,"427":0,"428":1,"429":0,"430":0,"431":0,"432":0,"433":0,"434":1,"435":0,"436":0,"437":0,"438":1,"439":0,"440":0,"441":1,"442":1,"443":1,"444":1,"445":1,"446":1,"447":1,"448":1,"449":1,"450":1,"451":1,"452":1,"453":1,"454":0,"455":0,"456":1,"457":1,"458":1,"459":1,"460":1,"461":1,"462":1,"463":1,"464":1,"465":1,"466":1,"467":0,"468":0,"469":0,"470":0,"471":0,"472":1,"473":1,"474":1,"475":1,"476":0},"b":{"1":[0,1],"2":[0,1],"3":[0,1],"4":[1,0],"5":[0,0],"6":[0,0],"7":[0,0],"8":[0,0],"9":[0,0],"10":[0,0],"11":[0,0],"12":[0,0],"13":[0,0],"14":[0,0],"15":[0,0],"16":[0,0],"17":[0,0],"18":[0,0],"19":[0,0],"20":[0,0],"21":[0,0],"22":[0,0],"23":[0,0,0,0,0,0,0,0,0],"24":[0,0],"25":[0,0],"26":[0,0],"27":[0,0],"28":[0,0],"29":[0,0],"30":[0,0],"31":[0,0],"32":[0,0],"33":[0,0],"34":[0,0],"35":[0,0],"36":[0,0],"37":[0,0],"38":[0,0],"39":[0,0],"40":[0,0],"41":[0,0],"42":[0,0],"43":[0,0],"44":[0,0],"45":[0,0],"46":[0,0],"47":[0,0],"48":[0,0],"49":[0,0],"50":[0,0],"51":[0,0],"52":[0,0],"53":[0,0],"54":[0,0],"55":[0,0],"56":[0,0],"57":[0,0],"58":[0,0],"59":[0,0],"60":[0,0],"61":[0,0],"62":[0,0],"63":[0,0],"64":[0,0],"65":[0,0],"66":[0,0],"67":[0,0],"68":[0,0],"69":[0,0],"70":[0,0],"71":[0,0],"72":[0,0],"73":[0,0],"74":[0,0],"75":[0,0],"76":[0,0],"77":[0,0],"78":[0,0],"79":[0,0,0,0],"80":[0,0],"81":[0,0],"82":[0,0],"83":[0,0],"84":[0,0],"85":[0,0],"86":[0,0],"87":[0,0],"88":[0,0],"89":[0,0],"90":[0,0],"91":[0,0],"92":[0,0],"93":[0,0],"94":[0,0],"95":[0,0],"96":[0,0],"97":[0,0],"98":[0,0,0,0],"99":[0,0],"100":[0,0],"101":[0,0],"102":[0,0],"103":[0,0],"104":[0,0],"105":[0,0],"106":[0,0],"107":[0,0],"108":[0,0],"109":[0,0],"110":[0,0],"111":[0,0],"112":[0,0],"113":[0,0],"114":[0,0],"115":[0,0],"116":[0,0],"117":[0,0],"118":[0,0],"119":[0,0],"120":[0,0],"121":[0,0],"122":[0,0],"123":[0,0],"124":[0,0],"125":[0,0],"126":[0,0],"127":[0,0],"128":[0,0],"129":[0,0],"130":[0,0,0,0,0,0,0,0,0,0,0,0],"131":[0,0],"132":[0,0],"133":[0,0],"134":[0,0],"135":[0,0],"136":[0,0],"137":[0,0],"138":[0,0],"139":[0,0],"140":[0,0],"141":[0,0],"142":[0,0],"143":[0,0],"144":[0,0],"145":[0,0],"146":[0,0],"147":[0,0],"148":[0,0],"149":[0,0],"150":[0,0],"151":[0,1],"152":[0,0],"153":[0,0],"154":[1,0],"155":[1,0],"156":[1,1]},"f":{"1":1,"2":0,"3":0,"4":0,"5":0,"6":0,"7":0,"8":0,"9":0,"10":0,"11":0,"12":0,"13":0,"14":0,"15":0,"16":0,"17":0,"18":0,"19":0,"20":0,"21":0,"22":0,"23":0,"24":0,"25":0,"26":0,"27":0,"28":0,"29":0,"30":0,"31":0,"32":0,"33":0,"34":0,"35":0,"36":0,"37":0,"38":0,"39":0},"fnMap":{"1":{"name":"(anonymous_1)","line":45,"loc":{"start":{"line":45,"column":12},"end":{"line":45,"column":28}}},"2":{"name":"lookupEntity","line":119,"loc":{"start":{"line":119,"column":4},"end":{"line":119,"column":32}}},"3":{"name":"decodeOneEntity","line":138,"loc":{"start":{"line":138,"column":4},"end":{"line":138,"column":38}}},"4":{"name":"stripNULs","line":143,"loc":{"start":{"line":143,"column":4},"end":{"line":143,"column":26}}},"5":{"name":"unescapeEntities","line":170,"loc":{"start":{"line":170,"column":4},"end":{"line":170,"column":33}}},"6":{"name":"escapeAttrib","line":197,"loc":{"start":{"line":197,"column":4},"end":{"line":197,"column":29}}},"7":{"name":"normalizeRCData","line":215,"loc":{"start":{"line":215,"column":4},"end":{"line":215,"column":37}}},"8":{"name":"makeSaxParser","line":293,"loc":{"start":{"line":293,"column":4},"end":{"line":293,"column":36}}},"9":{"name":"(anonymous_9)","line":305,"loc":{"start":{"line":305,"column":15},"end":{"line":305,"column":41}}},"10":{"name":"parse","line":336,"loc":{"start":{"line":336,"column":4},"end":{"line":336,"column":45}}},"11":{"name":"continuationMaker","line":346,"loc":{"start":{"line":346,"column":4},"end":{"line":346,"column":64}}},"12":{"name":"(anonymous_12)","line":347,"loc":{"start":{"line":347,"column":15},"end":{"line":347,"column":27}}},"13":{"name":"parseCPS","line":352,"loc":{"start":{"line":352,"column":4},"end":{"line":352,"column":55}}},"14":{"name":"htmlSplit","line":525,"loc":{"start":{"line":525,"column":4},"end":{"line":525,"column":28}}},"15":{"name":"parseEndTag","line":545,"loc":{"start":{"line":545,"column":4},"end":{"line":545,"column":74}}},"16":{"name":"parseStartTag","line":556,"loc":{"start":{"line":556,"column":4},"end":{"line":556,"column":76}}},"17":{"name":"parseText","line":576,"loc":{"start":{"line":576,"column":4},"end":{"line":576,"column":72}}},"18":{"name":"parseTagAndAttrs","line":606,"loc":{"start":{"line":606,"column":4},"end":{"line":606,"column":42}}},"19":{"name":"decodeValue","line":661,"loc":{"start":{"line":661,"column":4},"end":{"line":661,"column":28}}},"20":{"name":"makeHtmlSanitizer","line":683,"loc":{"start":{"line":683,"column":4},"end":{"line":683,"column":42}}},"21":{"name":"(anonymous_21)","line":686,"loc":{"start":{"line":686,"column":19},"end":{"line":686,"column":40}}},"22":{"name":"(anonymous_22)","line":690,"loc":{"start":{"line":690,"column":24},"end":{"line":690,"column":36}}},"23":{"name":"(anonymous_23)","line":694,"loc":{"start":{"line":694,"column":24},"end":{"line":694,"column":60}}},"24":{"name":"(anonymous_24)","line":757,"loc":{"start":{"line":757,"column":22},"end":{"line":757,"column":45}}},"25":{"name":"(anonymous_25)","line":799,"loc":{"start":{"line":799,"column":22},"end":{"line":799,"column":36}}},"26":{"name":"safeUri","line":809,"loc":{"start":{"line":809,"column":4},"end":{"line":809,"column":66}}},"27":{"name":"log","line":826,"loc":{"start":{"line":826,"column":4},"end":{"line":826,"column":66}}},"28":{"name":"lookupAttribute","line":850,"loc":{"start":{"line":850,"column":4},"end":{"line":850,"column":55}}},"29":{"name":"getAttributeType","line":862,"loc":{"start":{"line":862,"column":4},"end":{"line":862,"column":51}}},"30":{"name":"getLoaderType","line":865,"loc":{"start":{"line":865,"column":4},"end":{"line":865,"column":48}}},"31":{"name":"getUriEffect","line":868,"loc":{"start":{"line":868,"column":4},"end":{"line":868,"column":47}}},"32":{"name":"sanitizeAttribs","line":886,"loc":{"start":{"line":886,"column":4},"end":{"line":887,"column":61}}},"33":{"name":"(anonymous_33)","line":922,"loc":{"start":{"line":922,"column":47},"end":{"line":922,"column":75}}},"34":{"name":"(anonymous_34)","line":927,"loc":{"start":{"line":927,"column":46},"end":{"line":927,"column":61}}},"35":{"name":"makeTagPolicy","line":1017,"loc":{"start":{"line":1017,"column":4},"end":{"line":1018,"column":61}}},"36":{"name":"(anonymous_36)","line":1019,"loc":{"start":{"line":1019,"column":15},"end":{"line":1019,"column":42}}},"37":{"name":"sanitizeWithPolicy","line":1041,"loc":{"start":{"line":1041,"column":4},"end":{"line":1041,"column":54}}},"38":{"name":"sanitize","line":1056,"loc":{"start":{"line":1056,"column":4},"end":{"line":1057,"column":61}}},"39":{"name":"(anonymous_39)","line":1100,"loc":{"start":{"line":1100,"column":21},"end":{"line":1100,"column":94}}}},"statementMap":{"1":{"start":{"line":1,"column":0},"end":{"line":1,"column":38}},"2":{"start":{"line":2,"column":0},"end":{"line":2,"column":34}},"3":{"start":{"line":40,"column":0},"end":{"line":40,"column":55}},"4":{"start":{"line":40,"column":33},"end":{"line":40,"column":53}},"5":{"start":{"line":45,"column":0},"end":{"line":1075,"column":10}},"6":{"start":{"line":48,"column":4},"end":{"line":48,"column":61}},"7":{"start":{"line":49,"column":4},"end":{"line":53,"column":5}},"8":{"start":{"line":50,"column":8},"end":{"line":50,"column":62}},"9":{"start":{"line":51,"column":8},"end":{"line":51,"column":60}},"10":{"start":{"line":52,"column":8},"end":{"line":52,"column":40}},"11":{"start":{"line":60,"column":4},"end":{"line":70,"column":6}},"12":{"start":{"line":73,"column":4},"end":{"line":73,"column":37}},"13":{"start":{"line":74,"column":4},"end":{"line":74,"column":43}},"14":{"start":{"line":76,"column":4},"end":{"line":76,"column":52}},"15":{"start":{"line":81,"column":4},"end":{"line":83,"column":66}},"16":{"start":{"line":119,"column":4},"end":{"line":136,"column":5}},"17":{"start":{"line":122,"column":8},"end":{"line":122,"column":69}},"18":{"start":{"line":122,"column":45},"end":{"line":122,"column":67}},"19":{"start":{"line":123,"column":8},"end":{"line":123,"column":44}},"20":{"start":{"line":124,"column":8},"end":{"line":135,"column":9}},"21":{"start":{"line":125,"column":12},"end":{"line":125,"column":59}},"22":{"start":{"line":126,"column":15},"end":{"line":135,"column":9}},"23":{"start":{"line":127,"column":12},"end":{"line":127,"column":59}},"24":{"start":{"line":128,"column":15},"end":{"line":135,"column":9}},"25":{"start":{"line":129,"column":12},"end":{"line":129,"column":61}},"26":{"start":{"line":130,"column":12},"end":{"line":130,"column":55}},"27":{"start":{"line":131,"column":12},"end":{"line":131,"column":34}},"28":{"start":{"line":132,"column":12},"end":{"line":132,"column":24}},"29":{"start":{"line":134,"column":12},"end":{"line":134,"column":36}},"30":{"start":{"line":138,"column":4},"end":{"line":140,"column":5}},"31":{"start":{"line":139,"column":8},"end":{"line":139,"column":34}},"32":{"start":{"line":142,"column":4},"end":{"line":142,"column":22}},"33":{"start":{"line":143,"column":4},"end":{"line":145,"column":5}},"34":{"start":{"line":144,"column":8},"end":{"line":144,"column":36}},"35":{"start":{"line":147,"column":4},"end":{"line":147,"column":59}},"36":{"start":{"line":148,"column":4},"end":{"line":148,"column":58}},"37":{"start":{"line":170,"column":4},"end":{"line":177,"column":5}},"38":{"start":{"line":171,"column":1},"end":{"line":176,"column":2}},"39":{"start":{"line":172,"column":5},"end":{"line":172,"column":52}},"40":{"start":{"line":175,"column":5},"end":{"line":175,"column":14}},"41":{"start":{"line":179,"column":4},"end":{"line":179,"column":21}},"42":{"start":{"line":180,"column":4},"end":{"line":180,"column":70}},"43":{"start":{"line":181,"column":4},"end":{"line":181,"column":22}},"44":{"start":{"line":182,"column":4},"end":{"line":182,"column":20}},"45":{"start":{"line":183,"column":4},"end":{"line":183,"column":23}},"46":{"start":{"line":197,"column":4},"end":{"line":206,"column":5}},"47":{"start":{"line":198,"column":1},"end":{"line":204,"column":2}},"48":{"start":{"line":199,"column":5},"end":{"line":200,"column":60}},"49":{"start":{"line":203,"column":5},"end":{"line":203,"column":14}},"50":{"start":{"line":215,"column":4},"end":{"line":225,"column":5}},"51":{"start":{"line":216,"column":1},"end":{"line":224,"column":2}},"52":{"start":{"line":217,"column":5},"end":{"line":220,"column":39}},"53":{"start":{"line":223,"column":5},"end":{"line":223,"column":19}},"54":{"start":{"line":241,"column":4},"end":{"line":262,"column":13}},"55":{"start":{"line":265,"column":4},"end":{"line":265,"column":61}},"56":{"start":{"line":268,"column":4},"end":{"line":268,"column":69}},"57":{"start":{"line":293,"column":4},"end":{"line":308,"column":5}},"58":{"start":{"line":295,"column":8},"end":{"line":304,"column":10}},"59":{"start":{"line":305,"column":8},"end":{"line":307,"column":10}},"60":{"start":{"line":306,"column":12},"end":{"line":306,"column":49}},"61":{"start":{"line":335,"column":4},"end":{"line":335,"column":32}},"62":{"start":{"line":336,"column":4},"end":{"line":344,"column":5}},"63":{"start":{"line":337,"column":8},"end":{"line":337,"column":26}},"64":{"start":{"line":338,"column":8},"end":{"line":338,"column":40}},"65":{"start":{"line":339,"column":8},"end":{"line":342,"column":10}},"66":{"start":{"line":343,"column":8},"end":{"line":343,"column":50}},"67":{"start":{"line":346,"column":4},"end":{"line":350,"column":5}},"68":{"start":{"line":347,"column":8},"end":{"line":349,"column":10}},"69":{"start":{"line":348,"column":12},"end":{"line":348,"column":54}},"70":{"start":{"line":352,"column":4},"end":{"line":522,"column":5}},"71":{"start":{"line":353,"column":8},"end":{"line":521,"column":9}},"72":{"start":{"line":354,"column":12},"end":{"line":354,"column":66}},"73":{"start":{"line":354,"column":46},"end":{"line":354,"column":64}},"74":{"start":{"line":355,"column":12},"end":{"line":355,"column":30}},"75":{"start":{"line":356,"column":12},"end":{"line":517,"column":13}},"76":{"start":{"line":357,"column":16},"end":{"line":357,"column":43}},"77":{"start":{"line":358,"column":16},"end":{"line":358,"column":38}},"78":{"start":{"line":359,"column":16},"end":{"line":516,"column":17}},"79":{"start":{"line":361,"column":24},"end":{"line":371,"column":25}},"80":{"start":{"line":362,"column":28},"end":{"line":365,"column":29}},"81":{"start":{"line":363,"column":32},"end":{"line":364,"column":84}},"82":{"start":{"line":366,"column":28},"end":{"line":366,"column":34}},"83":{"start":{"line":368,"column":28},"end":{"line":370,"column":29}},"84":{"start":{"line":368,"column":44},"end":{"line":369,"column":80}},"85":{"start":{"line":372,"column":24},"end":{"line":372,"column":30}},"86":{"start":{"line":374,"column":24},"end":{"line":394,"column":25}},"87":{"start":{"line":375,"column":28},"end":{"line":388,"column":29}},"88":{"start":{"line":377,"column":32},"end":{"line":377,"column":41}},"89":{"start":{"line":378,"column":32},"end":{"line":378,"column":61}},"90":{"start":{"line":379,"column":32},"end":{"line":382,"column":33}},"91":{"start":{"line":380,"column":36},"end":{"line":381,"column":88}},"92":{"start":{"line":386,"column":32},"end":{"line":387,"column":85}},"93":{"start":{"line":390,"column":28},"end":{"line":393,"column":29}},"94":{"start":{"line":391,"column":32},"end":{"line":392,"column":84}},"95":{"start":{"line":395,"column":24},"end":{"line":395,"column":30}},"96":{"start":{"line":397,"column":24},"end":{"line":423,"column":25}},"97":{"start":{"line":398,"column":28},"end":{"line":417,"column":29}},"98":{"start":{"line":400,"column":32},"end":{"line":400,"column":41}},"99":{"start":{"line":401,"column":32},"end":{"line":401,"column":61}},"100":{"start":{"line":402,"column":32},"end":{"line":405,"column":33}},"101":{"start":{"line":403,"column":36},"end":{"line":404,"column":88}},"102":{"start":{"line":407,"column":32},"end":{"line":407,"column":69}},"103":{"start":{"line":408,"column":32},"end":{"line":412,"column":33}},"104":{"start":{"line":409,"column":36},"end":{"line":409,"column":91}},"105":{"start":{"line":410,"column":36},"end":{"line":411,"column":89}},"106":{"start":{"line":415,"column":32},"end":{"line":416,"column":85}},"107":{"start":{"line":419,"column":28},"end":{"line":422,"column":29}},"108":{"start":{"line":420,"column":32},"end":{"line":421,"column":84}},"109":{"start":{"line":424,"column":24},"end":{"line":424,"column":30}},"110":{"start":{"line":429,"column":24},"end":{"line":449,"column":25}},"111":{"start":{"line":434,"column":28},"end":{"line":436,"column":29}},"112":{"start":{"line":435,"column":32},"end":{"line":435,"column":92}},"113":{"start":{"line":435,"column":84},"end":{"line":435,"column":90}},"114":{"start":{"line":437,"column":28},"end":{"line":448,"column":29}},"115":{"start":{"line":438,"column":32},"end":{"line":444,"column":33}},"116":{"start":{"line":439,"column":36},"end":{"line":439,"column":79}},"117":{"start":{"line":440,"column":36},"end":{"line":443,"column":90}},"118":{"start":{"line":445,"column":32},"end":{"line":445,"column":44}},"119":{"start":{"line":447,"column":32},"end":{"line":447,"column":63}},"120":{"start":{"line":450,"column":24},"end":{"line":455,"column":25}},"121":{"start":{"line":451,"column":28},"end":{"line":454,"column":29}},"122":{"start":{"line":452,"column":32},"end":{"line":453,"column":84}},"123":{"start":{"line":456,"column":24},"end":{"line":456,"column":30}},"124":{"start":{"line":458,"column":24},"end":{"line":481,"column":25}},"125":{"start":{"line":459,"column":28},"end":{"line":462,"column":29}},"126":{"start":{"line":460,"column":32},"end":{"line":461,"column":84}},"127":{"start":{"line":465,"column":28},"end":{"line":474,"column":29}},"128":{"start":{"line":466,"column":32},"end":{"line":468,"column":33}},"129":{"start":{"line":467,"column":36},"end":{"line":467,"column":68}},"130":{"start":{"line":467,"column":60},"end":{"line":467,"column":66}},"131":{"start":{"line":469,"column":32},"end":{"line":473,"column":33}},"132":{"start":{"line":470,"column":36},"end":{"line":470,"column":48}},"133":{"start":{"line":472,"column":36},"end":{"line":472,"column":58}},"134":{"start":{"line":475,"column":28},"end":{"line":480,"column":29}},"135":{"start":{"line":476,"column":32},"end":{"line":479,"column":33}},"136":{"start":{"line":477,"column":36},"end":{"line":478,"column":88}},"137":{"start":{"line":482,"column":24},"end":{"line":482,"column":30}},"138":{"start":{"line":485,"column":24},"end":{"line":494,"column":25}},"139":{"start":{"line":486,"column":28},"end":{"line":488,"column":29}},"140":{"start":{"line":487,"column":32},"end":{"line":487,"column":64}},"141":{"start":{"line":487,"column":56},"end":{"line":487,"column":62}},"142":{"start":{"line":489,"column":28},"end":{"line":493,"column":29}},"143":{"start":{"line":490,"column":32},"end":{"line":490,"column":44}},"144":{"start":{"line":492,"column":32},"end":{"line":492,"column":54}},"145":{"start":{"line":495,"column":24},"end":{"line":500,"column":25}},"146":{"start":{"line":496,"column":28},"end":{"line":499,"column":29}},"147":{"start":{"line":497,"column":32},"end":{"line":498,"column":84}},"148":{"start":{"line":501,"column":24},"end":{"line":501,"column":30}},"149":{"start":{"line":503,"column":24},"end":{"line":506,"column":25}},"150":{"start":{"line":504,"column":28},"end":{"line":505,"column":80}},"151":{"start":{"line":507,"column":24},"end":{"line":507,"column":30}},"152":{"start":{"line":509,"column":24},"end":{"line":509,"column":30}},"153":{"start":{"line":511,"column":24},"end":{"line":514,"column":25}},"154":{"start":{"line":512,"column":28},"end":{"line":513,"column":80}},"155":{"start":{"line":515,"column":24},"end":{"line":515,"column":30}},"156":{"start":{"line":518,"column":12},"end":{"line":518,"column":46}},"157":{"start":{"line":518,"column":28},"end":{"line":518,"column":44}},"158":{"start":{"line":520,"column":12},"end":{"line":520,"column":54}},"159":{"start":{"line":520,"column":44},"end":{"line":520,"column":52}},"160":{"start":{"line":525,"column":4},"end":{"line":543,"column":5}},"161":{"start":{"line":527,"column":8},"end":{"line":527,"column":44}},"162":{"start":{"line":528,"column":8},"end":{"line":528,"column":18}},"163":{"start":{"line":529,"column":8},"end":{"line":542,"column":9}},"164":{"start":{"line":530,"column":12},"end":{"line":530,"column":33}},"165":{"start":{"line":532,"column":12},"end":{"line":532,"column":27}},"166":{"start":{"line":533,"column":12},"end":{"line":533,"column":28}},"167":{"start":{"line":534,"column":12},"end":{"line":534,"column":18}},"168":{"start":{"line":535,"column":12},"end":{"line":539,"column":13}},"169":{"start":{"line":536,"column":16},"end":{"line":536,"column":60}},"170":{"start":{"line":537,"column":16},"end":{"line":537,"column":33}},"171":{"start":{"line":538,"column":16},"end":{"line":538,"column":48}},"172":{"start":{"line":540,"column":12},"end":{"line":540,"column":47}},"173":{"start":{"line":541,"column":12},"end":{"line":541,"column":25}},"174":{"start":{"line":545,"column":4},"end":{"line":554,"column":5}},"175":{"start":{"line":546,"column":8},"end":{"line":546,"column":47}},"176":{"start":{"line":548,"column":8},"end":{"line":548,"column":42}},"177":{"start":{"line":548,"column":20},"end":{"line":548,"column":40}},"178":{"start":{"line":549,"column":8},"end":{"line":552,"column":9}},"179":{"start":{"line":550,"column":12},"end":{"line":551,"column":64}},"180":{"start":{"line":553,"column":8},"end":{"line":553,"column":24}},"181":{"start":{"line":556,"column":4},"end":{"line":570,"column":5}},"182":{"start":{"line":557,"column":8},"end":{"line":557,"column":47}},"183":{"start":{"line":559,"column":8},"end":{"line":559,"column":42}},"184":{"start":{"line":559,"column":20},"end":{"line":559,"column":40}},"185":{"start":{"line":560,"column":8},"end":{"line":563,"column":9}},"186":{"start":{"line":561,"column":12},"end":{"line":562,"column":69}},"187":{"start":{"line":565,"column":8},"end":{"line":569,"column":9}},"188":{"start":{"line":566,"column":12},"end":{"line":566,"column":78}},"189":{"start":{"line":568,"column":12},"end":{"line":568,"column":28}},"190":{"start":{"line":572,"column":4},"end":{"line":572,"column":22}},"191":{"start":{"line":576,"column":4},"end":{"line":603,"column":5}},"192":{"start":{"line":577,"column":8},"end":{"line":577,"column":31}},"193":{"start":{"line":578,"column":8},"end":{"line":580,"column":9}},"194":{"start":{"line":579,"column":12},"end":{"line":579,"column":84}},"195":{"start":{"line":581,"column":8},"end":{"line":581,"column":36}},"196":{"start":{"line":582,"column":8},"end":{"line":582,"column":29}},"197":{"start":{"line":583,"column":8},"end":{"line":583,"column":29}},"198":{"start":{"line":584,"column":8},"end":{"line":586,"column":9}},"199":{"start":{"line":585,"column":12},"end":{"line":585,"column":71}},"200":{"start":{"line":585,"column":63},"end":{"line":585,"column":69}},"201":{"start":{"line":587,"column":8},"end":{"line":587,"column":32}},"202":{"start":{"line":587,"column":23},"end":{"line":587,"column":30}},"203":{"start":{"line":588,"column":8},"end":{"line":588,"column":49}},"204":{"start":{"line":589,"column":8},"end":{"line":601,"column":9}},"205":{"start":{"line":590,"column":12},"end":{"line":593,"column":13}},"206":{"start":{"line":591,"column":16},"end":{"line":592,"column":66}},"207":{"start":{"line":594,"column":15},"end":{"line":601,"column":9}},"208":{"start":{"line":595,"column":12},"end":{"line":598,"column":13}},"209":{"start":{"line":596,"column":16},"end":{"line":597,"column":66}},"210":{"start":{"line":600,"column":12},"end":{"line":600,"column":35}},"211":{"start":{"line":602,"column":8},"end":{"line":602,"column":17}},"212":{"start":{"line":606,"column":4},"end":{"line":659,"column":5}},"213":{"start":{"line":607,"column":8},"end":{"line":607,"column":46}},"214":{"start":{"line":608,"column":8},"end":{"line":608,"column":21}},"215":{"start":{"line":609,"column":8},"end":{"line":609,"column":38}},"216":{"start":{"line":610,"column":8},"end":{"line":610,"column":46}},"217":{"start":{"line":611,"column":8},"end":{"line":611,"column":49}},"218":{"start":{"line":615,"column":8},"end":{"line":615,"column":24}},"219":{"start":{"line":616,"column":8},"end":{"line":616,"column":31}},"220":{"start":{"line":617,"column":8},"end":{"line":620,"column":9}},"221":{"start":{"line":618,"column":12},"end":{"line":618,"column":44}},"222":{"start":{"line":618,"column":36},"end":{"line":618,"column":42}},"223":{"start":{"line":619,"column":12},"end":{"line":619,"column":28}},"224":{"start":{"line":621,"column":8},"end":{"line":621,"column":40}},"225":{"start":{"line":621,"column":24},"end":{"line":621,"column":38}},"226":{"start":{"line":622,"column":8},"end":{"line":622,"column":23}},"227":{"start":{"line":623,"column":8},"end":{"line":655,"column":9}},"228":{"start":{"line":624,"column":12},"end":{"line":624,"column":34}},"229":{"start":{"line":625,"column":12},"end":{"line":654,"column":13}},"230":{"start":{"line":627,"column":16},"end":{"line":627,"column":58}},"231":{"start":{"line":629,"column":19},"end":{"line":654,"column":13}},"232":{"start":{"line":631,"column":16},"end":{"line":631,"column":41}},"233":{"start":{"line":632,"column":16},"end":{"line":632,"column":37}},"234":{"start":{"line":633,"column":16},"end":{"line":633,"column":45}},"235":{"start":{"line":634,"column":16},"end":{"line":641,"column":17}},"236":{"start":{"line":635,"column":20},"end":{"line":639,"column":21}},"237":{"start":{"line":636,"column":24},"end":{"line":636,"column":56}},"238":{"start":{"line":636,"column":48},"end":{"line":636,"column":54}},"239":{"start":{"line":637,"column":27},"end":{"line":639,"column":21}},"240":{"start":{"line":638,"column":24},"end":{"line":638,"column":40}},"241":{"start":{"line":640,"column":20},"end":{"line":640,"column":40}},"242":{"start":{"line":643,"column":16},"end":{"line":643,"column":40}},"243":{"start":{"line":643,"column":32},"end":{"line":643,"column":38}},"244":{"start":{"line":645,"column":16},"end":{"line":645,"column":36}},"245":{"start":{"line":646,"column":16},"end":{"line":646,"column":25}},"246":{"start":{"line":650,"column":16},"end":{"line":650,"column":47}},"247":{"start":{"line":651,"column":16},"end":{"line":651,"column":59}},"248":{"start":{"line":652,"column":16},"end":{"line":652,"column":42}},"249":{"start":{"line":653,"column":16},"end":{"line":653,"column":46}},"250":{"start":{"line":656,"column":8},"end":{"line":656,"column":26}},"251":{"start":{"line":657,"column":8},"end":{"line":657,"column":25}},"252":{"start":{"line":658,"column":8},"end":{"line":658,"column":19}},"253":{"start":{"line":661,"column":4},"end":{"line":667,"column":5}},"254":{"start":{"line":662,"column":8},"end":{"line":662,"column":32}},"255":{"start":{"line":663,"column":8},"end":{"line":665,"column":9}},"256":{"start":{"line":664,"column":12},"end":{"line":664,"column":42}},"257":{"start":{"line":666,"column":8},"end":{"line":666,"column":46}},"258":{"start":{"line":683,"column":4},"end":{"line":805,"column":5}},"259":{"start":{"line":684,"column":8},"end":{"line":684,"column":18}},"260":{"start":{"line":685,"column":8},"end":{"line":685,"column":21}},"261":{"start":{"line":686,"column":8},"end":{"line":688,"column":10}},"262":{"start":{"line":687,"column":12},"end":{"line":687,"column":46}},"263":{"start":{"line":687,"column":29},"end":{"line":687,"column":44}},"264":{"start":{"line":689,"column":8},"end":{"line":804,"column":11}},"265":{"start":{"line":691,"column":16},"end":{"line":691,"column":27}},"266":{"start":{"line":692,"column":16},"end":{"line":692,"column":33}},"267":{"start":{"line":695,"column":16},"end":{"line":695,"column":41}},"268":{"start":{"line":695,"column":32},"end":{"line":695,"column":39}},"269":{"start":{"line":696,"column":16},"end":{"line":696,"column":76}},"270":{"start":{"line":696,"column":67},"end":{"line":696,"column":74}},"271":{"start":{"line":697,"column":16},"end":{"line":697,"column":61}},"272":{"start":{"line":698,"column":16},"end":{"line":700,"column":17}},"273":{"start":{"line":699,"column":20},"end":{"line":699,"column":27}},"274":{"start":{"line":702,"column":16},"end":{"line":702,"column":63}},"275":{"start":{"line":703,"column":16},"end":{"line":708,"column":17}},"276":{"start":{"line":704,"column":20},"end":{"line":704,"column":6
[...]
 <p>All setters return <tt>this</tt> and so may be chained, a la","     * <code>uri.parse('/foo').setFragment('part').toString()</code>.","     *","     * <p>You should not use this constructor directly -- please prefer the factory","     * functions {@link uri.parse}, {@link uri.create}, {@link uri.resolve}","     * instead.</p>","     *","     * <p>The parameters are all raw (assumed to be properly escaped) parts, and","     * any (but not all) may be null.  Undefined is not allowed.</p>","     *","     * @constructor","     */","    function URI(","        rawScheme,","        rawCredentials, rawDomain, port,","        rawPath, rawQuery, rawFragment) {","        this.scheme_ = rawScheme;","        this.credentials_ = rawCredentials;","        this.domain_ = rawDomain;","        this.port_ = port;","        this.path_ = rawPath;","        this.query_ = rawQuery;","        this.fragment_ = rawFragment;","        /**","         * @type {Array|null}","         */","        this.paramCache_ = null;","    }","","    /** returns the string form of the url. */","    URI.prototype.toString = function () {","        var out = [];","        if (null !== this.scheme_) { out.push(this.scheme_, ':'); }","        if (null !== this.domain_) {","            out.push('//');","            if (null !== this.credentials_) { out.push(this.credentials_, '@'); }","            out.push(this.domain_);","            if (null !== this.port_) { out.push(':', this.port_.toString()); }","        }","        if (null !== this.path_) { out.push(this.path_); }","        if (null !== this.query_) { out.push('?', this.query_); }","        if (null !== this.fragment_) { out.push('#', this.fragment_); }","        return out.join('');","    };","","    URI.prototype.clone = function () {","        return new URI(this.scheme_, this.credentials_, this.domain_, this.port_,","            this.path_, this.query_, this.fragment_);","    };","","    URI.prototype.getScheme = function () {","        // HTML5 spec does not require the scheme to be lowercased but","        // all common browsers except Safari lowercase the scheme.","        return this.scheme_ && decodeURIComponent(this.scheme_).toLowerCase();","    };","    URI.prototype.getRawScheme = function () {","        return this.scheme_;","    };","    URI.prototype.setScheme = function (newScheme) {","        this.scheme_ = encodeIfExists2(","            newScheme, URI_DISALLOWED_IN_SCHEME_OR_CREDENTIALS_);","        return this;","    };","    URI.prototype.setRawScheme = function (newScheme) {","        this.scheme_ = newScheme ? newScheme : null;","        return this;","    };","    URI.prototype.hasScheme = function () {","        return null !== this.scheme_;","    };","","","    URI.prototype.getCredentials = function () {","        return this.credentials_ && decodeURIComponent(this.credentials_);","    };","    URI.prototype.getRawCredentials = function () {","        return this.credentials_;","    };","    URI.prototype.setCredentials = function (newCredentials) {","        this.credentials_ = encodeIfExists2(","            newCredentials, URI_DISALLOWED_IN_SCHEME_OR_CREDENTIALS_);","","        return this;","    };","    URI.prototype.setRawCredentials = function (newCredentials) {","        this.credentials_ = newCredentials ? newCredentials : null;","        return this;","    };","    URI.prototype.hasCredentials = function () {","        return null !== this.credentials_;","    };","","","    URI.prototype.getDomain = function () {","        return this.domain_ && decodeURIComponent(this.domain_);","    };","    URI.prototype.getRawDomain = function () {","        return this.domain_;","    };","    URI.prototype.setDomain = function (newDomain) {","        return this.setRawDomain(newDomain && encodeURIComponent(newDomain));","    };","    URI.prototype.setRawDomain = function (newDomain) {","        this.domain_ = newDomain ? newDomain : null;","        // Maintain the invariant that paths must start with a slash when the URI","        // is not path-relative.","        return this.setRawPath(this.path_);","    };","    URI.prototype.hasDomain = function () {","        return null !== this.domain_;","    };","","","    URI.prototype.getPort = function () {","        return this.port_ && decodeURIComponent(this.port_);","    };","    URI.prototype.setPort = function (newPort) {","        if (newPort) {","            newPort = Number(newPort);","            if (newPort !== (newPort & 0xffff)) {","                throw new Error('Bad port number ' + newPort);","            }","            this.port_ = '' + newPort;","        } else {","            this.port_ = null;","        }","        return this;","    };","    URI.prototype.hasPort = function () {","        return null !== this.port_;","    };","","","    URI.prototype.getPath = function () {","        return this.path_ && decodeURIComponent(this.path_);","    };","    URI.prototype.getRawPath = function () {","        return this.path_;","    };","    URI.prototype.setPath = function (newPath) {","        return this.setRawPath(encodeIfExists2(newPath, URI_DISALLOWED_IN_PATH_));","    };","    URI.prototype.setRawPath = function (newPath) {","        if (newPath) {","            newPath = String(newPath);","            this.path_ =","                // Paths must start with '/' unless this is a path-relative URL.","                (!this.domain_ || /^\\//.test(newPath)) ? newPath : '/' + newPath;","        } else {","            this.path_ = null;","        }","        return this;","    };","    URI.prototype.hasPath = function () {","        return null !== this.path_;","    };","","","    URI.prototype.getQuery = function () {","        // From http://www.w3.org/Addressing/URL/4_URI_Recommentations.html","        // Within the query string, the plus sign is reserved as shorthand notation","        // for a space.","        return this.query_ && decodeURIComponent(this.query_).replace(/\\+/g, ' ');","    };","    URI.prototype.getRawQuery = function () {","        return this.query_;","    };","    URI.prototype.setQuery = function (newQuery) {","        this.paramCache_ = null;","        this.query_ = encodeIfExists(newQuery);","        return this;","    };","    URI.prototype.setRawQuery = function (newQuery) {","        this.paramCache_ = null;","        this.query_ = newQuery ? newQuery : null;","        return this;","    };","    URI.prototype.hasQuery = function () {","        return null !== this.query_;","    };","","    /**","     * sets the query given a list of strings of the form","     * [ key0, value0, key1, value1, ... ].","     *","     * <p><code>uri.setAllParameters(['a', 'b', 'c', 'd']).getQuery()</code>","     * will yield <code>'a=b&c=d'</code>.","     */","    URI.prototype.setAllParameters = function (params) {","        if (typeof params === 'object') {","            if (!(params instanceof Array)","                && (params instanceof Object","                || Object.prototype.toString.call(params) !== '[object Array]')) {","                var newParams = [];","                var i = -1;","                for (var k in params) {","                    var v = params[k];","                    if ('string' === typeof v) {","                        newParams[++i] = k;","                        newParams[++i] = v;","                    }","                }","                params = newParams;","            }","        }","        this.paramCache_ = null;","        var queryBuf = [];","        var separator = '';","        for (var j = 0; j < params.length;) {","            var k = params[j++];","            var v = params[j++];","            queryBuf.push(separator, encodeURIComponent(k.toString()));","            separator = '&';","            if (v) {","                queryBuf.push('=', encodeURIComponent(v.toString()));","            }","        }","        this.query_ = queryBuf.join('');","        return this;","    };","    URI.prototype.checkParameterCache_ = function () {","        if (!this.paramCache_) {","            var q = this.query_;","            if (!q) {","                this.paramCache_ = [];","            } else {","                var cgiParams = q.split(/[&\\?]/);","                var out = [];","                var k = -1;","                for (var i = 0; i < cgiParams.length; ++i) {","                    var m = cgiParams[i].match(/^([^=]*)(?:=(.*))?$/);","                    // From http://www.w3.org/Addressing/URL/4_URI_Recommentations.html","                    // Within the query string, the plus sign is reserved as shorthand","                    // notation for a space.","                    out[++k] = decodeURIComponent(m[1]).replace(/\\+/g, ' ');","                    out[++k] = decodeURIComponent(m[2] || '').replace(/\\+/g, ' ');","                }","                this.paramCache_ = out;","            }","        }","    };","    /**","     * sets the values of the named cgi parameters.","     *","     * <p>So, <code>uri.parse('foo?a=b&c=d&e=f').setParameterValues('c', ['new'])","     * </code> yields <tt>foo?a=b&c=new&e=f</tt>.</p>","     *","     * @param key {string}","     * @param values {Array.<string>} the new values.  If values is a single string","     *   then it will be treated as the sole value.","     */","    URI.prototype.setParameterValues = function (key, values) {","        // be nice and avoid subtle bugs where [] operator on string performs charAt","        // on some browsers and crashes on IE","        if (typeof values === 'string') {","            values = [ values ];","        }","","        this.checkParameterCache_();","        var newValueIndex = 0;","        var pc = this.paramCache_;","        var params = [];","        for (var i = 0, k = 0; i < pc.length; i += 2) {","            if (key === pc[i]) {","                if (newValueIndex < values.length) {","                    params.push(key, values[newValueIndex++]);","                }","            } else {","                params.push(pc[i], pc[i + 1]);","            }","        }","        while (newValueIndex < values.length) {","            params.push(key, values[newValueIndex++]);","        }","        this.setAllParameters(params);","        return this;","    };","    URI.prototype.removeParameter = function (key) {","        return this.setParameterValues(key, []);","    };","    /**","     * returns the parameters specified in the query part of the uri as a list of","     * keys and values like [ key0, value0, key1, value1, ... ].","     *","     * @return {Array.<string>}","     */","    URI.prototype.getAllParameters = function () {","        this.checkParameterCache_();","        return this.paramCache_.slice(0, this.paramCache_.length);","    };","    /**","     * returns the value<b>s</b> for a given cgi parameter as a list of decoded","     * query parameter values.","     * @return {Array.<string>}","     */","    URI.prototype.getParameterValues = function (paramNameUnescaped) {","        this.checkParameterCache_();","        var values = [];","        for (var i = 0; i < this.paramCache_.length; i += 2) {","            if (paramNameUnescaped === this.paramCache_[i]) {","                values.push(this.paramCache_[i + 1]);","            }","        }","        return values;","    };","    /**","     * returns a map of cgi parameter names to (non-empty) lists of values.","     * @return {Object.<string,Array.<string>>}","     */","    URI.prototype.getParameterMap = function (paramNameUnescaped) {","        this.checkParameterCache_();","        var paramMap = {};","        for (var i = 0; i < this.paramCache_.length; i += 2) {","            var key = this.paramCache_[i++],","                value = this.paramCache_[i++];","            if (!(key in paramMap)) {","                paramMap[key] = [value];","            } else {","                paramMap[key].push(value);","            }","        }","        return paramMap;","    };","    /**","     * returns the first value for a given cgi parameter or null if the given","     * parameter name does not appear in the query string.","     * If the given parameter name does appear, but has no '<tt>=</tt>' following","     * it, then the empty string will be returned.","     * @return {string|null}","     */","    URI.prototype.getParameterValue = function (paramNameUnescaped) {","        this.checkParameterCache_();","        for (var i = 0; i < this.paramCache_.length; i += 2) {","            if (paramNameUnescaped === this.paramCache_[i]) {","                return this.paramCache_[i + 1];","            }","        }","        return null;","    };","","    URI.prototype.getFragment = function () {","        return this.fragment_ && decodeURIComponent(this.fragment_);","    };","    URI.prototype.getRawFragment = function () {","        return this.fragment_;","    };","    URI.prototype.setFragment = function (newFragment) {","        this.fragment_ = newFragment ? encodeURIComponent(newFragment) : null;","        return this;","    };","    URI.prototype.setRawFragment = function (newFragment) {","        this.fragment_ = newFragment ? newFragment : null;","        return this;","    };","    URI.prototype.hasFragment = function () {","        return null !== this.fragment_;","    };","","    function nullIfAbsent(matchPart) {","        return ('string' == typeof matchPart) && (matchPart.length > 0)","            ? matchPart","            : null;","    }","","","","","    /**","     * a regular expression for breaking a URI into its component parts.","     *","     * <p>http://www.gbiv.com/protocols/uri/rfc/rfc3986.html#RFC2234 says","     * As the \"first-match-wins\" algorithm is identical to the \"greedy\"","     * disambiguation method used by POSIX regular expressions, it is natural and","     * commonplace to use a regular expression for parsing the potential five","     * components of a URI reference.","     *","     * <p>The following line is the regular expression for breaking-down a","     * well-formed URI reference into its components.","     *","     * <pre>","     * ^(([^:/?#]+):)?(//([^/?#]*))?([^?#]*)(\\?([^#]*))?(#(.*))?","     *  12            3  4          5       6  7        8 9","     * </pre>","     *","     * <p>The numbers in the second line above are only to assist readability; they","     * indicate the reference points for each subexpression (i.e., each paired","     * parenthesis). We refer to the value matched for subexpression <n> as $<n>.","     * For example, matching the above expression to","     * <pre>","     *     http://www.ics.uci.edu/pub/ietf/uri/#Related","     * </pre>","     * results in the following subexpression matches:","     * <pre>","     *    $1 = http:","     *    $2 = http","     *    $3 = //www.ics.uci.edu","     *    $4 = www.ics.uci.edu","     *    $5 = /pub/ietf/uri/","     *    $6 = <undefined>","     *    $7 = <undefined>","     *    $8 = #Related","     *    $9 = Related","     * </pre>","     * where <undefined> indicates that the component is not present, as is the","     * case for the query component in the above example. Therefore, we can","     * determine the value of the five components as","     * <pre>","     *    scheme    = $2","     *    authority = $4","     *    path      = $5","     *    query     = $7","     *    fragment  = $9","     * </pre>","     *","     * <p>msamuel: I have modified the regular expression slightly to expose the","     * credentials, domain, and port separately from the authority.","     * The modified version yields","     * <pre>","     *    $1 = http              scheme","     *    $2 = <undefined>       credentials -\\","     *    $3 = www.ics.uci.edu   domain       | authority","     *    $4 = <undefined>       port        -/","     *    $5 = /pub/ietf/uri/    path","     *    $6 = <undefined>       query without ?","     *    $7 = Related           fragment without #","     * </pre>","     */","    var URI_RE_ = new RegExp(","        \"^\" +","            \"(?:\" +","            \"([^:/?#]+)\" +         // scheme","            \":)?\" +","            \"(?://\" +","            \"(?:([^/?#]*)@)?\" +    // credentials","            \"([^/?#:@]*)\" +        // domain","            \"(?::([0-9]+))?\" +     // port","            \")?\" +","            \"([^?#]+)?\" +            // path","            \"(?:\\\\?([^#]*))?\" +      // query","            \"(?:#(.*))?\" +           // fragment","            \"$\"","    );","","    var URI_DISALLOWED_IN_SCHEME_OR_CREDENTIALS_ = /[#\\/\\?@]/g;","    var URI_DISALLOWED_IN_PATH_ = /[\\#\\?]/g;","","    URI.parse = parse;","    URI.create = create;","    URI.resolve = resolve;","    URI.collapse_dots = collapse_dots;  // Visible for testing.","","// lightweight string-based api for loadModuleMaker","    URI.utils = {","        mimeTypeOf: function (uri) {","            var uriObj = parse(uri);","            if (/\\.html$/.test(uriObj.getPath())) {","                return 'text/html';","            } else {","                return 'application/javascript';","            }","        },","        resolve: function (base, uri) {","            if (base) {","                return resolve(parse(base), parse(uri)).toString();","            } else {","                return '' + uri;","            }","        }","    };","","","    return URI;","})();","","if (typeof exports !== 'undefined') {","    if (typeof module !== 'undefined' && module.exports) {","        exports = module.exports = URI;","    }","    exports.URI = URI;","} else {","","    // Exports for closure compiler.","    if (typeof window !== 'undefined') {","        window['URI'] = URI;","    }","}",""],"l":{"24":1,"33":1,"34":0,"35":0,"36":0,"62":1,"63":0,"72":0,"73":0,"74":0,"76":0,"79":0,"81":1,"82":0,"83":0,"85":0,"96":1,"97":0,"98":0,"100":0,"103":1,"104":0,"105":0,"121":1,"122":0,"125":1,"135":1,"137":1,"156":1,"157":0,"158":0,"160":0,"166":0,"167":0,"174":1,"182":0,"186":0,"188":0,"189":0,"191":0,"194":0,"195":0,"197":0,"200":0,"201":0,"203":0,"206":0,"207":0,"208":0,"209":0,"210":0,"213":0,"214":0,"216":0,"217":0,"219":0,"220":0,"226":0,"228":0,"229":0,"234":0,"235":0,"237":0,"240":0,"241":0,"243":0,"246":0,"247":0,"250":0,"279":1,"283":0,"284":0,"285":0,"286":0,"287":0,"288":0,"289":0,"293":0,"297":1,"298":0,"299":0,"300":0,"301":0,"302":0,"303":0,"304":0,"306":0,"307":0,"308":0,"309":0,"312":1,"313":0,"317":1,"320":0,"322":1,"323":0,"325":1,"326":0,"328":0,"330":1,"331":0,"332":0,"334":1,"335":0,"339":1,"340":0,"342":1,"343":0,"345":1,"346":0,"349":0,"351":1,"352":0,"353":0,"355":1,"356":0,"360":1,"361":0,"363":1,"364":0,"366":1,"367":0,"369":1,"370":0,"373":0,"375":1,"376":0,"380":1,"381":0,"383":1,"384":0,"385":0,"386":0,"387":0,"389":0,"391":0,"393":0,"395":1,"396":0,"400":1,"401":0,"403":1,"404":0,"406":1,"407":0,"409":1,"410":0,"411":0,"412":0,"416":0,"418":0,"420":1,"421":0,"425":1,"429":0,"431":1,"432":0,"434":1,"435":0,"436":0,"437":0,"439":1,"440":0,"441":0,"442":0,"444":1,"445":0,"455":1,"456":0,"457":0,"460":0,"461":0,"462":0,"463":0,"464":0,"465":0,"466":0,"469":0,"472":0,"473":0,"474":0,"475":0,"476":0,"477":0,"478":0,"479":0,"480":0,"481":0,"484":0,"485":0,"487":1,"488":0,"489":0,"490":0,"491":0,"493":0,"494":0,"495":0,"496":0,"497":0,"501":0,"502":0,"504":0,"518":1,"521":0,"522":0,"525":0,"526":0,"527":0,"528":0,"529":0,"530":0,"531":0,"532":0,"535":0,"538":0,"539":0,"541":0,"542":0,"544":1,"545":0,"553":1,"554":0,"555":0,"562":1,"563":0,"564":0,"565":0,"566":0,"567":0,"570":0,"576":1,"577":0,"578":0,"579":0,"580":0,"582":0,"583":0,"585":0,"588":0,"597":1,"598":0,"599":0,"600":0,"601":0,"604":0,"607":1,"608":0,"610":1,"611":0,"613":1,"614":0,"615":0,"617":1,"618":0,"619":0,"621":1,"622":0,"625":1,"626":0,"694":1,"710":1,"711":1,"713":1,"714":1,"715":1,"716":1,"719":1,"721":0,"722":0,"723":0,"725":0,"729":0,"730":0,"732":0,"738":1,"741":1,"742":1,"743":1,"745":1,"749":0,"750":0}}}